<?xml version="1.0" encoding="UTF-8"?>
<coverage generated="1659821096886" clover="3.2.0">
  <project timestamp="1659821096886" name="All files">
    <metrics statements="165" coveredstatements="160" conditionals="47" coveredconditionals="45" methods="41" coveredmethods="38" elements="253" coveredelements="243" complexity="0" loc="165" ncloc="165" packages="7" files="23" classes="23"/>
    <package name="components.Game">
      <metrics statements="11" coveredstatements="10" conditionals="2" coveredconditionals="1" methods="4" coveredmethods="3"/>
      <file name="GameArea.tsx" path="/Users/frivolta/Desktop/Sites/Apps/minesweeper/src/components/Game/GameArea.tsx">
        <metrics statements="3" coveredstatements="3" conditionals="0" coveredconditionals="0" methods="1" coveredmethods="1"/>
        <line num="8" count="1" type="stmt"/>
        <line num="9" count="17" type="stmt"/>
        <line num="12" count="1" type="stmt"/>
      </file>
      <file name="GameLayout.tsx" path="/Users/frivolta/Desktop/Sites/Apps/minesweeper/src/components/Game/GameLayout.tsx">
        <metrics statements="2" coveredstatements="1" conditionals="0" coveredconditionals="0" methods="1" coveredmethods="0"/>
        <line num="17" count="1" type="stmt"/>
        <line num="18" count="0" type="stmt"/>
      </file>
      <file name="GameOver.tsx" path="/Users/frivolta/Desktop/Sites/Apps/minesweeper/src/components/Game/GameOver.tsx">
        <metrics statements="3" coveredstatements="3" conditionals="2" coveredconditionals="1" methods="1" coveredmethods="1"/>
        <line num="11" count="1" type="stmt"/>
        <line num="12" count="17" type="stmt"/>
        <line num="24" count="1" type="stmt"/>
      </file>
      <file name="Wrapper.tsx" path="/Users/frivolta/Desktop/Sites/Apps/minesweeper/src/components/Game/Wrapper.tsx">
        <metrics statements="3" coveredstatements="3" conditionals="0" coveredconditionals="0" methods="1" coveredmethods="1"/>
        <line num="10" count="1" type="stmt"/>
        <line num="11" count="17" type="stmt"/>
        <line num="14" count="1" type="stmt"/>
      </file>
      <file name="index.ts" path="/Users/frivolta/Desktop/Sites/Apps/minesweeper/src/components/Game/index.ts">
        <metrics statements="0" coveredstatements="0" conditionals="0" coveredconditionals="0" methods="0" coveredmethods="0"/>
      </file>
    </package>
    <package name="components.Grid">
      <metrics statements="40" coveredstatements="40" conditionals="16" coveredconditionals="16" methods="13" coveredmethods="13"/>
      <file name="Cell.tsx" path="/Users/frivolta/Desktop/Sites/Apps/minesweeper/src/components/Grid/Cell.tsx">
        <metrics statements="34" coveredstatements="34" conditionals="16" coveredconditionals="16" methods="9" coveredmethods="9"/>
        <line num="27" count="3" type="stmt"/>
        <line num="28" count="39" type="stmt"/>
        <line num="30" count="3" type="stmt"/>
        <line num="35" count="8" type="stmt"/>
        <line num="36" count="16" type="stmt"/>
        <line num="39" count="8" type="stmt"/>
        <line num="47" count="3" type="stmt"/>
        <line num="48" count="3306" type="stmt"/>
        <line num="50" count="3306" type="stmt"/>
        <line num="52" count="3306" type="stmt"/>
        <line num="56" count="26" type="stmt"/>
        <line num="58" count="26" type="cond" truecount="2" falsecount="0"/>
        <line num="59" count="6" type="stmt"/>
        <line num="63" count="3306" type="stmt"/>
        <line num="74" count="3306" type="stmt"/>
        <line num="78" count="3" type="stmt"/>
        <line num="92" count="3" type="stmt"/>
        <line num="93" count="3306" type="stmt"/>
        <line num="99" count="3306" type="cond" truecount="5" falsecount="0"/>
        <line num="101" count="20" type="stmt"/>
        <line num="107" count="3062" type="stmt"/>
        <line num="109" count="3" type="stmt"/>
        <line num="115" count="3" type="stmt"/>
        <line num="121" count="218" type="stmt"/>
        <line num="129" count="3" type="stmt"/>
        <line num="141" count="3319" type="cond" truecount="2" falsecount="0"/>
        <line num="147" count="3" type="stmt"/>
        <line num="148" count="3" type="stmt"/>
        <line num="164" count="3" type="stmt"/>
        <line num="167" count="238" type="cond" truecount="2" falsecount="0"/>
        <line num="173" count="3" type="stmt"/>
        <line num="180" count="3" type="stmt"/>
        <line num="184" count="3" type="stmt"/>
        <line num="193" count="3" type="stmt"/>
      </file>
      <file name="Grid.tsx" path="/Users/frivolta/Desktop/Sites/Apps/minesweeper/src/components/Grid/Grid.tsx">
        <metrics statements="6" coveredstatements="6" conditionals="0" coveredconditionals="0" methods="4" coveredmethods="4"/>
        <line num="23" count="2" type="stmt"/>
        <line num="24" count="18" type="stmt"/>
        <line num="26" count="225" type="stmt"/>
        <line num="28" count="3255" type="stmt"/>
        <line num="40" count="2" type="stmt"/>
        <line num="42" count="18" type="stmt"/>
      </file>
      <file name="index.ts" path="/Users/frivolta/Desktop/Sites/Apps/minesweeper/src/components/Grid/index.ts">
        <metrics statements="0" coveredstatements="0" conditionals="0" coveredconditionals="0" methods="0" coveredmethods="0"/>
      </file>
    </package>
    <package name="components.Scoreboard">
      <metrics statements="18" coveredstatements="18" conditionals="2" coveredconditionals="2" methods="5" coveredmethods="5"/>
      <file name="Counter.tsx" path="/Users/frivolta/Desktop/Sites/Apps/minesweeper/src/components/Scoreboard/Counter.tsx">
        <metrics statements="4" coveredstatements="4" conditionals="0" coveredconditionals="0" methods="1" coveredmethods="1"/>
        <line num="11" count="4" type="stmt"/>
        <line num="12" count="21" type="stmt"/>
        <line num="16" count="4" type="stmt"/>
        <line num="18" count="4" type="stmt"/>
      </file>
      <file name="Level.tsx" path="/Users/frivolta/Desktop/Sites/Apps/minesweeper/src/components/Scoreboard/Level.tsx">
        <metrics statements="6" coveredstatements="6" conditionals="0" coveredconditionals="0" methods="2" coveredmethods="2"/>
        <line num="19" count="3" type="stmt"/>
        <line num="20" count="21" type="stmt"/>
        <line num="22" count="63" type="stmt"/>
        <line num="30" count="3" type="stmt"/>
        <line num="32" count="3" type="stmt"/>
        <line num="41" count="3" type="stmt"/>
      </file>
      <file name="Reset.tsx" path="/Users/frivolta/Desktop/Sites/Apps/minesweeper/src/components/Scoreboard/Reset.tsx">
        <metrics statements="5" coveredstatements="5" conditionals="2" coveredconditionals="2" methods="1" coveredmethods="1"/>
        <line num="12" count="4" type="stmt"/>
        <line num="13" count="32" type="stmt"/>
        <line num="15" count="32" type="stmt"/>
        <line num="28" count="4" type="stmt"/>
        <line num="30" count="4" type="stmt"/>
      </file>
      <file name="Scoreboard.tsx" path="/Users/frivolta/Desktop/Sites/Apps/minesweeper/src/components/Scoreboard/Scoreboard.tsx">
        <metrics statements="3" coveredstatements="3" conditionals="0" coveredconditionals="0" methods="1" coveredmethods="1"/>
        <line num="35" count="3" type="stmt"/>
        <line num="43" count="21" type="stmt"/>
        <line num="55" count="3" type="stmt"/>
      </file>
      <file name="index.ts" path="/Users/frivolta/Desktop/Sites/Apps/minesweeper/src/components/Scoreboard/index.ts">
        <metrics statements="0" coveredstatements="0" conditionals="0" coveredconditionals="0" methods="0" coveredmethods="0"/>
      </file>
    </package>
    <package name="components.Top">
      <metrics statements="10" coveredstatements="10" conditionals="0" coveredconditionals="0" methods="2" coveredmethods="2"/>
      <file name="GameName.tsx" path="/Users/frivolta/Desktop/Sites/Apps/minesweeper/src/components/Top/GameName.tsx">
        <metrics statements="1" coveredstatements="1" conditionals="0" coveredconditionals="0" methods="0" coveredmethods="0"/>
        <line num="10" count="3" type="stmt"/>
      </file>
      <file name="Legend.tsx" path="/Users/frivolta/Desktop/Sites/Apps/minesweeper/src/components/Top/Legend.tsx">
        <metrics statements="6" coveredstatements="6" conditionals="0" coveredconditionals="0" methods="1" coveredmethods="1"/>
        <line num="19" count="3" type="stmt"/>
        <line num="24" count="19" type="stmt"/>
        <line num="32" count="3" type="stmt"/>
        <line num="36" count="3" type="stmt"/>
        <line num="40" count="3" type="stmt"/>
        <line num="46" count="3" type="stmt"/>
      </file>
      <file name="Top.tsx" path="/Users/frivolta/Desktop/Sites/Apps/minesweeper/src/components/Top/Top.tsx">
        <metrics statements="3" coveredstatements="3" conditionals="0" coveredconditionals="0" methods="1" coveredmethods="1"/>
        <line num="8" count="2" type="stmt"/>
        <line num="9" count="18" type="stmt"/>
        <line num="15" count="2" type="stmt"/>
      </file>
      <file name="index.tsx" path="/Users/frivolta/Desktop/Sites/Apps/minesweeper/src/components/Top/index.tsx">
        <metrics statements="0" coveredstatements="0" conditionals="0" coveredconditionals="0" methods="0" coveredmethods="0"/>
      </file>
    </package>
    <package name="components.hooks">
      <metrics statements="7" coveredstatements="7" conditionals="0" coveredconditionals="0" methods="3" coveredmethods="3"/>
      <file name="useMouseDown.tsx" path="/Users/frivolta/Desktop/Sites/Apps/minesweeper/src/components/hooks/useMouseDown.tsx">
        <metrics statements="7" coveredstatements="7" conditionals="0" coveredconditionals="0" methods="3" coveredmethods="3"/>
        <line num="6" count="7" type="stmt"/>
        <line num="11" count="3342" type="stmt"/>
        <line num="13" count="3342" type="stmt"/>
        <line num="14" count="11" type="stmt"/>
        <line num="18" count="3342" type="stmt"/>
        <line num="19" count="10" type="stmt"/>
        <line num="24" count="3342" type="stmt"/>
      </file>
    </package>
    <package name="helpers">
      <metrics statements="49" coveredstatements="49" conditionals="27" coveredconditionals="26" methods="7" coveredmethods="7"/>
      <file name="CellsManipulation.ts" path="/Users/frivolta/Desktop/Sites/Apps/minesweeper/src/helpers/CellsManipulation.ts">
        <metrics statements="12" coveredstatements="12" conditionals="8" coveredconditionals="8" methods="3" coveredmethods="3"/>
        <line num="8" count="6" type="stmt"/>
        <line num="11" count="90" type="stmt"/>
        <line num="28" count="6" type="stmt"/>
        <line num="29" count="711" type="cond" truecount="4" falsecount="0"/>
        <line num="37" count="6" type="stmt"/>
        <line num="38" count="40" type="stmt"/>
        <line num="40" count="40" type="stmt"/>
        <line num="41" count="320" type="cond" truecount="2" falsecount="0"/>
        <line num="42" count="237" type="stmt"/>
        <line num="43" count="237" type="cond" truecount="2" falsecount="0"/>
        <line num="44" count="204" type="stmt"/>
        <line num="49" count="40" type="stmt"/>
      </file>
      <file name="Field.ts" path="/Users/frivolta/Desktop/Sites/Apps/minesweeper/src/helpers/Field.ts">
        <metrics statements="17" coveredstatements="17" conditionals="7" coveredconditionals="7" methods="3" coveredmethods="3"/>
        <line num="7" count="5" type="stmt"/>
        <line num="28" count="5" type="stmt"/>
        <line num="31" count="34" type="stmt"/>
        <line num="52" count="5" type="stmt"/>
        <line num="53" count="8" type="cond" truecount="4" falsecount="0"/>
        <line num="54" count="2" type="stmt"/>
        <line num="57" count="6" type="stmt"/>
        <line num="58" count="6" type="stmt"/>
        <line num="60" count="6" type="stmt"/>
        <line num="63" count="6" type="stmt"/>
        <line num="64" count="26" type="stmt"/>
        <line num="66" count="210" type="cond" truecount="2" falsecount="0"/>
        <line num="67" count="32" type="stmt"/>
        <line num="68" count="32" type="stmt"/>
        <line num="69" count="32" type="stmt"/>
        <line num="71" count="210" type="stmt"/>
        <line num="74" count="6" type="stmt"/>
      </file>
      <file name="OpenCell.ts" path="/Users/frivolta/Desktop/Sites/Apps/minesweeper/src/helpers/OpenCell.ts">
        <metrics statements="20" coveredstatements="20" conditionals="12" coveredconditionals="11" methods="1" coveredmethods="1"/>
        <line num="4" count="2" type="stmt"/>
        <line num="6" count="2" type="stmt"/>
        <line num="11" count="53" type="stmt"/>
        <line num="12" count="53" type="stmt"/>
        <line num="13" count="53" type="cond" truecount="2" falsecount="0"/>
        <line num="14" count="1" type="stmt"/>
        <line num="17" count="52" type="cond" truecount="2" falsecount="0"/>
        <line num="18" count="48" type="stmt"/>
        <line num="19" count="48" type="stmt"/>
        <line num="21" count="48" type="stmt"/>
        <line num="22" count="384" type="cond" truecount="2" falsecount="0"/>
        <line num="23" count="288" type="stmt"/>
        <line num="24" count="288" type="stmt"/>
        <line num="25" count="288" type="stmt"/>
        <line num="26" count="288" type="cond" truecount="4" falsecount="0"/>
        <line num="27" count="42" type="stmt"/>
        <line num="29" count="288" type="cond" truecount="1" falsecount="1"/>
        <line num="30" count="288" type="stmt"/>
        <line num="36" count="52" type="stmt"/>
        <line num="38" count="52" type="stmt"/>
      </file>
    </package>
    <package name="modules.GameWithHooks">
      <metrics statements="30" coveredstatements="26" conditionals="0" coveredconditionals="0" methods="7" coveredmethods="5"/>
      <file name="GameSettings.ts" path="/Users/frivolta/Desktop/Sites/Apps/minesweeper/src/modules/GameWithHooks/GameSettings.ts">
        <metrics statements="2" coveredstatements="2" conditionals="0" coveredconditionals="0" methods="0" coveredmethods="0"/>
        <line num="1" count="1" type="stmt"/>
        <line num="7" count="1" type="stmt"/>
      </file>
      <file name="GameWithHooks.tsx" path="/Users/frivolta/Desktop/Sites/Apps/minesweeper/src/modules/GameWithHooks/GameWithHooks.tsx">
        <metrics statements="28" coveredstatements="24" conditionals="0" coveredconditionals="0" methods="7" coveredmethods="5"/>
        <line num="19" count="1" type="stmt"/>
        <line num="20" count="17" type="stmt"/>
        <line num="22" count="17" type="stmt"/>
        <line num="23" count="17" type="stmt"/>
        <line num="25" count="17" type="stmt"/>
        <line num="27" count="17" type="stmt"/>
        <line num="31" count="17" type="stmt"/>
        <line num="35" count="17" type="stmt"/>
        <line num="36" count="6" type="stmt"/>
        <line num="37" count="6" type="stmt"/>
        <line num="38" count="6" type="stmt"/>
        <line num="40" count="0" type="stmt"/>
        <line num="41" count="0" type="stmt"/>
        <line num="45" count="17" type="stmt"/>
        <line num="46" count="5" type="stmt"/>
        <line num="47" count="5" type="stmt"/>
        <line num="52" count="5" type="stmt"/>
        <line num="53" count="5" type="stmt"/>
        <line num="54" count="5" type="stmt"/>
        <line num="55" count="5" type="stmt"/>
        <line num="57" count="17" type="stmt"/>
        <line num="60" count="4" type="stmt"/>
        <line num="61" count="4" type="stmt"/>
        <line num="62" count="4" type="stmt"/>
        <line num="64" count="17" type="stmt"/>
        <line num="66" count="17" type="stmt"/>
        <line num="80" count="0" type="stmt"/>
        <line num="81" count="0" type="stmt"/>
      </file>
    </package>
  </project>
</coverage>
