<?xml version="1.0" encoding="UTF-8"?>
<coverage generated="1661619520858" clover="3.2.0">
  <project timestamp="1661619520858" name="All files">
    <metrics statements="370" coveredstatements="364" conditionals="109" coveredconditionals="107" methods="104" coveredmethods="98" elements="583" coveredelements="569" complexity="0" loc="370" ncloc="370" packages="15" files="45" classes="45"/>
    <package name="src">
      <metrics statements="20" coveredstatements="15" conditionals="4" coveredconditionals="3" methods="11" coveredmethods="5"/>
      <file name="App.tsx" path="/Users/frivolta/Desktop/Sites/Apps/minesweeper/src/App.tsx">
        <metrics statements="19" coveredstatements="14" conditionals="4" coveredconditionals="3" methods="11" coveredmethods="5"/>
        <line num="15" count="1" type="stmt"/>
        <line num="16" count="0" type="stmt"/>
        <line num="21" count="1" type="stmt"/>
        <line num="22" count="0" type="stmt"/>
        <line num="23" count="0" type="stmt"/>
        <line num="29" count="1" type="stmt"/>
        <line num="30" count="0" type="stmt"/>
        <line num="31" count="0" type="stmt"/>
        <line num="37" count="1" type="stmt"/>
        <line num="38" count="1" type="stmt"/>
        <line num="39" count="1" type="cond" truecount="2" falsecount="0"/>
        <line num="41" count="1" type="stmt"/>
        <line num="43" count="4" type="stmt"/>
        <line num="53" count="1" type="stmt"/>
        <line num="79" count="2" type="stmt"/>
        <line num="81" count="1" type="stmt"/>
        <line num="82" count="1" type="stmt"/>
        <line num="127" count="1" type="stmt"/>
        <line num="128" count="1" type="stmt"/>
      </file>
      <file name="store.ts" path="/Users/frivolta/Desktop/Sites/Apps/minesweeper/src/store.ts">
        <metrics statements="1" coveredstatements="1" conditionals="0" coveredconditionals="0" methods="0" coveredmethods="0"/>
        <line num="5" count="6" type="stmt"/>
      </file>
    </package>
    <package name="src.components.Game">
      <metrics statements="9" coveredstatements="9" conditionals="2" coveredconditionals="2" methods="4" coveredmethods="4"/>
      <file name="GameArea.tsx" path="/Users/frivolta/Desktop/Sites/Apps/minesweeper/src/components/Game/GameArea.tsx">
        <metrics statements="2" coveredstatements="2" conditionals="0" coveredconditionals="0" methods="1" coveredmethods="1"/>
        <line num="4" count="12" type="stmt"/>
        <line num="6" count="12" type="stmt"/>
      </file>
      <file name="GameLayout.tsx" path="/Users/frivolta/Desktop/Sites/Apps/minesweeper/src/components/Game/GameLayout.tsx">
        <metrics statements="2" coveredstatements="2" conditionals="0" coveredconditionals="0" methods="1" coveredmethods="1"/>
        <line num="17" count="12" type="stmt"/>
        <line num="18" count="4" type="stmt"/>
      </file>
      <file name="GameOver.tsx" path="/Users/frivolta/Desktop/Sites/Apps/minesweeper/src/components/Game/GameOver.tsx">
        <metrics statements="3" coveredstatements="3" conditionals="2" coveredconditionals="2" methods="1" coveredmethods="1"/>
        <line num="11" count="13" type="stmt"/>
        <line num="12" count="13" type="stmt"/>
        <line num="24" count="13" type="stmt"/>
      </file>
      <file name="Wrapper.tsx" path="/Users/frivolta/Desktop/Sites/Apps/minesweeper/src/components/Game/Wrapper.tsx">
        <metrics statements="2" coveredstatements="2" conditionals="0" coveredconditionals="0" methods="1" coveredmethods="1"/>
        <line num="4" count="12" type="stmt"/>
        <line num="6" count="12" type="stmt"/>
      </file>
      <file name="index.ts" path="/Users/frivolta/Desktop/Sites/Apps/minesweeper/src/components/Game/index.ts">
        <metrics statements="0" coveredstatements="0" conditionals="0" coveredconditionals="0" methods="0" coveredmethods="0"/>
      </file>
    </package>
    <package name="src.components.Grid">
      <metrics statements="39" coveredstatements="39" conditionals="16" coveredconditionals="16" methods="13" coveredmethods="13"/>
      <file name="Cell.tsx" path="/Users/frivolta/Desktop/Sites/Apps/minesweeper/src/components/Grid/Cell.tsx">
        <metrics statements="33" coveredstatements="33" conditionals="16" coveredconditionals="16" methods="9" coveredmethods="9"/>
        <line num="27" count="14" type="stmt"/>
        <line num="28" count="44" type="stmt"/>
        <line num="30" count="14" type="stmt"/>
        <line num="35" count="1226" type="stmt"/>
        <line num="38" count="613" type="stmt"/>
        <line num="46" count="14" type="stmt"/>
        <line num="47" count="1905" type="stmt"/>
        <line num="49" count="1905" type="stmt"/>
        <line num="51" count="1905" type="stmt"/>
        <line num="55" count="31" type="stmt"/>
        <line num="57" count="31" type="cond" truecount="2" falsecount="0"/>
        <line num="58" count="11" type="stmt"/>
        <line num="62" count="1905" type="stmt"/>
        <line num="73" count="1905" type="stmt"/>
        <line num="77" count="14" type="stmt"/>
        <line num="91" count="14" type="stmt"/>
        <line num="92" count="1905" type="stmt"/>
        <line num="98" count="1905" type="cond" truecount="5" falsecount="0"/>
        <line num="100" count="40" type="stmt"/>
        <line num="106" count="1477" type="stmt"/>
        <line num="108" count="8" type="stmt"/>
        <line num="114" count="3" type="stmt"/>
        <line num="120" count="377" type="stmt"/>
        <line num="128" count="14" type="stmt"/>
        <line num="140" count="1918" type="cond" truecount="2" falsecount="0"/>
        <line num="146" count="14" type="stmt"/>
        <line num="147" count="14" type="stmt"/>
        <line num="163" count="14" type="stmt"/>
        <line num="166" count="417" type="cond" truecount="2" falsecount="0"/>
        <line num="172" count="14" type="stmt"/>
        <line num="179" count="14" type="stmt"/>
        <line num="183" count="14" type="stmt"/>
        <line num="192" count="14" type="stmt"/>
      </file>
      <file name="Grid.tsx" path="/Users/frivolta/Desktop/Sites/Apps/minesweeper/src/components/Grid/Grid.tsx">
        <metrics statements="6" coveredstatements="6" conditionals="0" coveredconditionals="0" methods="4" coveredmethods="4"/>
        <line num="23" count="13" type="stmt"/>
        <line num="24" count="32" type="stmt"/>
        <line num="26" count="249" type="stmt"/>
        <line num="28" count="2291" type="stmt"/>
        <line num="40" count="13" type="stmt"/>
        <line num="42" count="32" type="stmt"/>
      </file>
      <file name="index.ts" path="/Users/frivolta/Desktop/Sites/Apps/minesweeper/src/components/Grid/index.ts">
        <metrics statements="0" coveredstatements="0" conditionals="0" coveredconditionals="0" methods="0" coveredmethods="0"/>
      </file>
    </package>
    <package name="src.components.Scoreboard">
      <metrics statements="18" coveredstatements="18" conditionals="2" coveredconditionals="2" methods="5" coveredmethods="5"/>
      <file name="Counter.tsx" path="/Users/frivolta/Desktop/Sites/Apps/minesweeper/src/components/Scoreboard/Counter.tsx">
        <metrics statements="4" coveredstatements="4" conditionals="0" coveredconditionals="0" methods="1" coveredmethods="1"/>
        <line num="11" count="14" type="stmt"/>
        <line num="12" count="49" type="stmt"/>
        <line num="16" count="14" type="stmt"/>
        <line num="18" count="14" type="stmt"/>
      </file>
      <file name="Level.tsx" path="/Users/frivolta/Desktop/Sites/Apps/minesweeper/src/components/Scoreboard/Level.tsx">
        <metrics statements="6" coveredstatements="6" conditionals="0" coveredconditionals="0" methods="2" coveredmethods="2"/>
        <line num="19" count="14" type="stmt"/>
        <line num="20" count="25" type="stmt"/>
        <line num="22" count="75" type="stmt"/>
        <line num="30" count="14" type="stmt"/>
        <line num="32" count="14" type="stmt"/>
        <line num="41" count="14" type="stmt"/>
      </file>
      <file name="Reset.tsx" path="/Users/frivolta/Desktop/Sites/Apps/minesweeper/src/components/Scoreboard/Reset.tsx">
        <metrics statements="5" coveredstatements="5" conditionals="2" coveredconditionals="2" methods="1" coveredmethods="1"/>
        <line num="13" count="14" type="stmt"/>
        <line num="14" count="37" type="stmt"/>
        <line num="16" count="37" type="stmt"/>
        <line num="29" count="14" type="stmt"/>
        <line num="31" count="14" type="stmt"/>
      </file>
      <file name="Scoreboard.tsx" path="/Users/frivolta/Desktop/Sites/Apps/minesweeper/src/components/Scoreboard/Scoreboard.tsx">
        <metrics statements="3" coveredstatements="3" conditionals="0" coveredconditionals="0" methods="1" coveredmethods="1"/>
        <line num="35" count="13" type="stmt"/>
        <line num="43" count="31" type="stmt"/>
        <line num="55" count="13" type="stmt"/>
      </file>
      <file name="index.ts" path="/Users/frivolta/Desktop/Sites/Apps/minesweeper/src/components/Scoreboard/index.ts">
        <metrics statements="0" coveredstatements="0" conditionals="0" coveredconditionals="0" methods="0" coveredmethods="0"/>
      </file>
    </package>
    <package name="src.components.Top">
      <metrics statements="11" coveredstatements="11" conditionals="2" coveredconditionals="2" methods="2" coveredmethods="2"/>
      <file name="GameName.tsx" path="/Users/frivolta/Desktop/Sites/Apps/minesweeper/src/components/Top/GameName.tsx">
        <metrics statements="1" coveredstatements="1" conditionals="0" coveredconditionals="0" methods="0" coveredmethods="0"/>
        <line num="3" count="6" type="stmt"/>
      </file>
      <file name="Legend.tsx" path="/Users/frivolta/Desktop/Sites/Apps/minesweeper/src/components/Top/Legend.tsx">
        <metrics statements="6" coveredstatements="6" conditionals="2" coveredconditionals="2" methods="1" coveredmethods="1"/>
        <line num="19" count="6" type="stmt"/>
        <line num="24" count="6" type="stmt"/>
        <line num="33" count="6" type="stmt"/>
        <line num="37" count="6" type="stmt"/>
        <line num="43" count="6" type="stmt"/>
        <line num="47" count="6" type="stmt"/>
      </file>
      <file name="Top.tsx" path="/Users/frivolta/Desktop/Sites/Apps/minesweeper/src/components/Top/Top.tsx">
        <metrics statements="4" coveredstatements="4" conditionals="0" coveredconditionals="0" methods="1" coveredmethods="1"/>
        <line num="7" count="5" type="stmt"/>
        <line num="8" count="5" type="stmt"/>
        <line num="15" count="5" type="stmt"/>
        <line num="17" count="5" type="stmt"/>
      </file>
      <file name="index.tsx" path="/Users/frivolta/Desktop/Sites/Apps/minesweeper/src/components/Top/index.tsx">
        <metrics statements="0" coveredstatements="0" conditionals="0" coveredconditionals="0" methods="0" coveredmethods="0"/>
      </file>
    </package>
    <package name="src.components.hooks">
      <metrics statements="7" coveredstatements="7" conditionals="0" coveredconditionals="0" methods="3" coveredmethods="3"/>
      <file name="useMouseDown.ts" path="/Users/frivolta/Desktop/Sites/Apps/minesweeper/src/components/hooks/useMouseDown.ts">
        <metrics statements="7" coveredstatements="7" conditionals="0" coveredconditionals="0" methods="3" coveredmethods="3"/>
        <line num="6" count="17" type="stmt"/>
        <line num="11" count="1946" type="stmt"/>
        <line num="13" count="1946" type="stmt"/>
        <line num="14" count="17" type="stmt"/>
        <line num="18" count="1946" type="stmt"/>
        <line num="19" count="16" type="stmt"/>
        <line num="24" count="1946" type="stmt"/>
      </file>
    </package>
    <package name="src.core">
      <metrics statements="85" coveredstatements="85" conditionals="41" coveredconditionals="41" methods="12" coveredmethods="12"/>
      <file name="CellsManipulator.ts" path="/Users/frivolta/Desktop/Sites/Apps/minesweeper/src/core/CellsManipulator.ts">
        <metrics statements="12" coveredstatements="12" conditionals="8" coveredconditionals="8" methods="3" coveredmethods="3"/>
        <line num="8" count="22" type="stmt"/>
        <line num="11" count="458" type="stmt"/>
        <line num="28" count="22" type="stmt"/>
        <line num="29" count="3655" type="cond" truecount="4" falsecount="0"/>
        <line num="37" count="22" type="stmt"/>
        <line num="38" count="264" type="stmt"/>
        <line num="40" count="264" type="stmt"/>
        <line num="41" count="2112" type="cond" truecount="2" falsecount="0"/>
        <line num="42" count="1750" type="stmt"/>
        <line num="43" count="1750" type="cond" truecount="2" falsecount="0"/>
        <line num="44" count="1631" type="stmt"/>
        <line num="49" count="264" type="stmt"/>
      </file>
      <file name="Field.ts" path="/Users/frivolta/Desktop/Sites/Apps/minesweeper/src/core/Field.ts">
        <metrics statements="17" coveredstatements="17" conditionals="7" coveredconditionals="7" methods="3" coveredmethods="3"/>
        <line num="7" count="19" type="stmt"/>
        <line num="28" count="19" type="stmt"/>
        <line num="31" count="390" type="stmt"/>
        <line num="52" count="19" type="stmt"/>
        <line num="53" count="27" type="cond" truecount="4" falsecount="0"/>
        <line num="54" count="2" type="stmt"/>
        <line num="57" count="25" type="stmt"/>
        <line num="58" count="25" type="stmt"/>
        <line num="60" count="25" type="stmt"/>
        <line num="63" count="25" type="stmt"/>
        <line num="64" count="204" type="stmt"/>
        <line num="66" count="1924" type="cond" truecount="2" falsecount="0"/>
        <line num="67" count="256" type="stmt"/>
        <line num="68" count="256" type="stmt"/>
        <line num="69" count="256" type="stmt"/>
        <line num="71" count="1924" type="stmt"/>
        <line num="74" count="25" type="stmt"/>
      </file>
      <file name="copyField.ts" path="/Users/frivolta/Desktop/Sites/Apps/minesweeper/src/core/copyField.ts">
        <metrics statements="1" coveredstatements="1" conditionals="0" coveredconditionals="0" methods="2" coveredmethods="2"/>
        <line num="3" count="1901" type="stmt"/>
      </file>
      <file name="detectSolvedPullze.ts" path="/Users/frivolta/Desktop/Sites/Apps/minesweeper/src/core/detectSolvedPullze.ts">
        <metrics statements="21" coveredstatements="21" conditionals="11" coveredconditionals="11" methods="1" coveredmethods="1"/>
        <line num="9" count="16" type="stmt"/>
        <line num="13" count="1420" type="stmt"/>
        <line num="15" count="1420" type="stmt"/>
        <line num="16" count="1420" type="stmt"/>
        <line num="17" count="1420" type="stmt"/>
        <line num="18" count="1420" type="stmt"/>
        <line num="20" count="1420" type="stmt"/>
        <line num="21" count="12443" type="stmt"/>
        <line num="22" count="112491" type="stmt"/>
        <line num="23" count="112491" type="stmt"/>
        <line num="24" count="112491" type="stmt"/>
        <line num="26" count="112491" type="cond" truecount="2" falsecount="0"/>
        <line num="27" count="69510" type="stmt"/>
        <line num="30" count="112491" type="cond" truecount="2" falsecount="0"/>
        <line num="31" count="2758" type="stmt"/>
        <line num="34" count="112491" type="cond" truecount="2" falsecount="0"/>
        <line num="35" count="14210" type="stmt"/>
        <line num="37" count="14210" type="cond" truecount="2" falsecount="0"/>
        <line num="38" count="2658" type="stmt"/>
        <line num="45" count="1420" type="cond" truecount="3" falsecount="0"/>
        <line num="49" count="1420" type="stmt"/>
      </file>
      <file name="openCell.ts" path="/Users/frivolta/Desktop/Sites/Apps/minesweeper/src/core/openCell.ts">
        <metrics statements="19" coveredstatements="19" conditionals="10" coveredconditionals="10" methods="2" coveredmethods="2"/>
        <line num="13" count="14" type="stmt"/>
        <line num="18" count="174" type="stmt"/>
        <line num="26" count="14" type="stmt"/>
        <line num="31" count="1362" type="stmt"/>
        <line num="33" count="1362" type="stmt"/>
        <line num="34" count="1362" type="stmt"/>
        <line num="35" count="1362" type="stmt"/>
        <line num="37" count="1362" type="cond" truecount="2" falsecount="0"/>
        <line num="38" count="4" type="stmt"/>
        <line num="41" count="1358" type="cond" truecount="2" falsecount="0"/>
        <line num="42" count="2" type="stmt"/>
        <line num="45" count="1356" type="stmt"/>
        <line num="47" count="1356" type="cond" truecount="4" falsecount="0"/>
        <line num="48" count="192" type="stmt"/>
        <line num="50" count="192" type="stmt"/>
        <line num="51" count="1536" type="cond" truecount="2" falsecount="0"/>
        <line num="52" count="1188" type="stmt"/>
        <line num="57" count="1356" type="stmt"/>
        <line num="59" count="1356" type="stmt"/>
      </file>
      <file name="setFlag.ts" path="/Users/frivolta/Desktop/Sites/Apps/minesweeper/src/core/setFlag.ts">
        <metrics statements="15" coveredstatements="15" conditionals="5" coveredconditionals="5" methods="1" coveredmethods="1"/>
        <line num="14" count="14" type="stmt"/>
        <line num="21" count="57" type="stmt"/>
        <line num="22" count="57" type="stmt"/>
        <line num="24" count="57" type="stmt"/>
        <line num="26" count="57" type="stmt"/>
        <line num="28" count="57" type="cond" truecount="3" falsecount="0"/>
        <line num="30" count="4" type="stmt"/>
        <line num="31" count="4" type="stmt"/>
        <line num="33" count="3" type="stmt"/>
        <line num="34" count="3" type="stmt"/>
        <line num="36" count="49" type="cond" truecount="2" falsecount="0"/>
        <line num="37" count="45" type="stmt"/>
        <line num="39" count="49" type="stmt"/>
        <line num="42" count="57" type="stmt"/>
        <line num="44" count="57" type="stmt"/>
      </file>
    </package>
    <package name="src.modules">
      <metrics statements="2" coveredstatements="2" conditionals="0" coveredconditionals="0" methods="0" coveredmethods="0"/>
      <file name="GameSettings.ts" path="/Users/frivolta/Desktop/Sites/Apps/minesweeper/src/modules/GameSettings.ts">
        <metrics statements="2" coveredstatements="2" conditionals="0" coveredconditionals="0" methods="0" coveredmethods="0"/>
        <line num="1" count="15" type="stmt"/>
        <line num="7" count="15" type="stmt"/>
      </file>
    </package>
    <package name="src.modules.GameWithHooks">
      <metrics statements="78" coveredstatements="78" conditionals="18" coveredconditionals="18" methods="21" coveredmethods="21"/>
      <file name="GameWithHooks.tsx" path="/Users/frivolta/Desktop/Sites/Apps/minesweeper/src/modules/GameWithHooks/GameWithHooks.tsx">
        <metrics statements="9" coveredstatements="9" conditionals="4" coveredconditionals="4" methods="2" coveredmethods="2"/>
        <line num="12" count="3" type="stmt"/>
        <line num="13" count="11" type="stmt"/>
        <line num="15" count="11" type="cond" truecount="2" falsecount="0"/>
        <line num="29" count="11" type="stmt"/>
        <line num="31" count="11" type="stmt"/>
        <line num="33" count="11" type="stmt"/>
        <line num="35" count="1" type="stmt"/>
        <line num="36" count="1" type="stmt"/>
        <line num="42" count="11" type="stmt"/>
      </file>
      <file name="index.ts" path="/Users/frivolta/Desktop/Sites/Apps/minesweeper/src/modules/GameWithHooks/index.ts">
        <metrics statements="0" coveredstatements="0" conditionals="0" coveredconditionals="0" methods="0" coveredmethods="0"/>
      </file>
      <file name="useGame.ts" path="/Users/frivolta/Desktop/Sites/Apps/minesweeper/src/modules/GameWithHooks/useGame.ts">
        <metrics statements="37" coveredstatements="37" conditionals="9" coveredconditionals="9" methods="6" coveredmethods="6"/>
        <line num="35" count="4" type="stmt"/>
        <line num="42" count="239" type="stmt"/>
        <line num="52" count="239" type="stmt"/>
        <line num="54" count="239" type="stmt"/>
        <line num="56" count="239" type="stmt"/>
        <line num="58" count="239" type="stmt"/>
        <line num="62" count="239" type="stmt"/>
        <line num="66" count="239" type="stmt"/>
        <line num="68" count="153" type="cond" truecount="2" falsecount="0"/>
        <line num="69" count="153" type="stmt"/>
        <line num="70" count="153" type="stmt"/>
        <line num="75" count="152" type="cond" truecount="2" falsecount="0"/>
        <line num="76" count="1" type="stmt"/>
        <line num="78" count="152" type="stmt"/>
        <line num="80" count="1" type="stmt"/>
        <line num="81" count="1" type="stmt"/>
        <line num="95" count="239" type="stmt"/>
        <line num="97" count="39" type="cond" truecount="2" falsecount="0"/>
        <line num="98" count="39" type="stmt"/>
        <line num="105" count="39" type="stmt"/>
        <line num="106" count="39" type="cond" truecount="2" falsecount="0"/>
        <line num="107" count="1" type="stmt"/>
        <line num="109" count="39" type="stmt"/>
        <line num="122" count="239" type="stmt"/>
        <line num="123" count="8" type="stmt"/>
        <line num="124" count="8" type="stmt"/>
        <line num="129" count="8" type="stmt"/>
        <line num="130" count="8" type="stmt"/>
        <line num="131" count="8" type="stmt"/>
        <line num="132" count="8" type="stmt"/>
        <line num="133" count="8" type="stmt"/>
        <line num="136" count="239" type="stmt"/>
        <line num="137" count="4" type="stmt"/>
        <line num="138" count="4" type="stmt"/>
        <line num="142" count="239" type="stmt"/>
        <line num="143" count="4" type="stmt"/>
        <line num="148" count="239" type="stmt"/>
      </file>
      <file name="useSettings.ts" path="/Users/frivolta/Desktop/Sites/Apps/minesweeper/src/modules/GameWithHooks/useSettings.ts">
        <metrics statements="6" coveredstatements="6" conditionals="1" coveredconditionals="1" methods="2" coveredmethods="2"/>
        <line num="11" count="5" type="stmt"/>
        <line num="14" count="242" type="stmt"/>
        <line num="15" count="242" type="stmt"/>
        <line num="17" count="242" type="stmt"/>
        <line num="21" count="5" type="stmt"/>
        <line num="22" count="5" type="stmt"/>
      </file>
      <file name="useStatus.ts" path="/Users/frivolta/Desktop/Sites/Apps/minesweeper/src/modules/GameWithHooks/useStatus.ts">
        <metrics statements="14" coveredstatements="14" conditionals="0" coveredconditionals="0" methods="6" coveredmethods="6"/>
        <line num="20" count="5" type="stmt"/>
        <line num="21" count="252" type="stmt"/>
        <line num="23" count="252" type="stmt"/>
        <line num="24" count="252" type="stmt"/>
        <line num="25" count="252" type="stmt"/>
        <line num="27" count="252" type="stmt"/>
        <line num="28" count="35" type="stmt"/>
        <line num="29" count="35" type="stmt"/>
        <line num="30" count="35" type="stmt"/>
        <line num="33" count="252" type="stmt"/>
        <line num="35" count="252" type="stmt"/>
        <line num="37" count="252" type="stmt"/>
        <line num="39" count="252" type="stmt"/>
        <line num="41" count="252" type="stmt"/>
      </file>
      <file name="useTime.ts" path="/Users/frivolta/Desktop/Sites/Apps/minesweeper/src/modules/GameWithHooks/useTime.ts">
        <metrics statements="12" coveredstatements="12" conditionals="4" coveredconditionals="4" methods="5" coveredmethods="5"/>
        <line num="3" count="5" type="stmt"/>
        <line num="7" count="255" type="stmt"/>
        <line num="9" count="255" type="stmt"/>
        <line num="11" count="255" type="stmt"/>
        <line num="14" count="79" type="cond" truecount="2" falsecount="0"/>
        <line num="15" count="51" type="stmt"/>
        <line num="16" count="30" type="stmt"/>
        <line num="19" count="51" type="cond" truecount="2" falsecount="0"/>
        <line num="20" count="3" type="stmt"/>
        <line num="24" count="79" type="stmt"/>
        <line num="25" count="79" type="stmt"/>
        <line num="29" count="255" type="stmt"/>
      </file>
    </package>
    <package name="src.modules.GameWithRedux">
      <metrics statements="42" coveredstatements="42" conditionals="10" coveredconditionals="10" methods="12" coveredmethods="12"/>
      <file name="game.ts" path="/Users/frivolta/Desktop/Sites/Apps/minesweeper/src/modules/GameWithRedux/game.ts">
        <metrics statements="42" coveredstatements="42" conditionals="10" coveredconditionals="10" methods="12" coveredmethods="12"/>
        <line num="34" count="9" type="cond" truecount="1" falsecount="0"/>
        <line num="35" count="28" type="stmt"/>
        <line num="36" count="28" type="stmt"/>
        <line num="38" count="28" type="stmt"/>
        <line num="53" count="9" type="stmt"/>
        <line num="58" count="13" type="stmt"/>
        <line num="59" count="13" type="stmt"/>
        <line num="60" count="13" type="stmt"/>
        <line num="65" count="11" type="stmt"/>
        <line num="66" count="11" type="stmt"/>
        <line num="67" count="11" type="stmt"/>
        <line num="68" count="11" type="stmt"/>
        <line num="70" count="2" type="stmt"/>
        <line num="71" count="2" type="stmt"/>
        <line num="72" count="2" type="stmt"/>
        <line num="73" count="2" type="stmt"/>
        <line num="77" count="7" type="stmt"/>
        <line num="79" count="7" type="stmt"/>
        <line num="86" count="7" type="stmt"/>
        <line num="87" count="7" type="stmt"/>
        <line num="88" count="7" type="stmt"/>
        <line num="89" count="7" type="stmt"/>
        <line num="90" count="7" type="stmt"/>
        <line num="93" count="2" type="stmt"/>
        <line num="96" count="2" type="stmt"/>
        <line num="98" count="3" type="stmt"/>
        <line num="100" count="2" type="stmt"/>
        <line num="104" count="9" type="stmt"/>
        <line num="107" count="9" type="stmt"/>
        <line num="108" count="7" type="stmt"/>
        <line num="109" count="5" type="stmt"/>
        <line num="110" count="4" type="stmt"/>
        <line num="111" count="4" type="stmt"/>
        <line num="113" count="4" type="cond" truecount="5" falsecount="0"/>
        <line num="114" count="1" type="stmt"/>
        <line num="115" count="1" type="stmt"/>
        <line num="120" count="9" type="stmt"/>
        <line num="121" count="4" type="stmt"/>
        <line num="122" count="4" type="stmt"/>
        <line num="123" count="4" type="cond" truecount="4" falsecount="0"/>
        <line num="124" count="2" type="stmt"/>
        <line num="125" count="2" type="stmt"/>
      </file>
      <file name="index.ts" path="/Users/frivolta/Desktop/Sites/Apps/minesweeper/src/modules/GameWithRedux/index.ts">
        <metrics statements="0" coveredstatements="0" conditionals="0" coveredconditionals="0" methods="0" coveredmethods="0"/>
      </file>
    </package>
    <package name="src.modules.GameWithRedux.GameWithReactRedux">
      <metrics statements="35" coveredstatements="34" conditionals="6" coveredconditionals="5" methods="13" coveredmethods="13"/>
      <file name="GameOver.tsx" path="/Users/frivolta/Desktop/Sites/Apps/minesweeper/src/modules/GameWithRedux/GameWithReactRedux/GameOver.tsx">
        <metrics statements="7" coveredstatements="7" conditionals="2" coveredconditionals="2" methods="3" coveredmethods="3"/>
        <line num="8" count="7" type="stmt"/>
        <line num="9" count="4" type="stmt"/>
        <line num="10" count="2" type="stmt"/>
        <line num="16" count="4" type="stmt"/>
        <line num="18" count="4" type="stmt"/>
        <line num="19" count="2" type="stmt"/>
        <line num="24" count="4" type="stmt"/>
      </file>
      <file name="GameWithReactRedux.tsx" path="/Users/frivolta/Desktop/Sites/Apps/minesweeper/src/modules/GameWithRedux/GameWithReactRedux/GameWithReactRedux.tsx">
        <metrics statements="2" coveredstatements="2" conditionals="0" coveredconditionals="0" methods="1" coveredmethods="1"/>
        <line num="7" count="7" type="stmt"/>
        <line num="8" count="2" type="stmt"/>
      </file>
      <file name="Grid.tsx" path="/Users/frivolta/Desktop/Sites/Apps/minesweeper/src/modules/GameWithRedux/GameWithReactRedux/Grid.tsx">
        <metrics statements="11" coveredstatements="11" conditionals="0" coveredconditionals="0" methods="4" coveredmethods="4"/>
        <line num="10" count="7" type="stmt"/>
        <line num="11" count="5" type="stmt"/>
        <line num="12" count="8" type="stmt"/>
        <line num="17" count="5" type="stmt"/>
        <line num="19" count="5" type="stmt"/>
        <line num="21" count="1" type="stmt"/>
        <line num="22" count="1" type="stmt"/>
        <line num="28" count="5" type="stmt"/>
        <line num="30" count="1" type="stmt"/>
        <line num="31" count="1" type="stmt"/>
        <line num="37" count="5" type="stmt"/>
      </file>
      <file name="Scoreboard.tsx" path="/Users/frivolta/Desktop/Sites/Apps/minesweeper/src/modules/GameWithRedux/GameWithReactRedux/Scoreboard.tsx">
        <metrics statements="15" coveredstatements="14" conditionals="4" coveredconditionals="3" methods="5" coveredmethods="5"/>
        <line num="10" count="7" type="stmt"/>
        <line num="11" count="3" type="stmt"/>
        <line num="12" count="3" type="stmt"/>
        <line num="14" count="3" type="stmt"/>
        <line num="15" count="3" type="cond" truecount="2" falsecount="0"/>
        <line num="17" count="3" type="cond" truecount="1" falsecount="1"/>
        <line num="18" count="0" type="stmt"/>
        <line num="22" count="3" type="stmt"/>
        <line num="23" count="2" type="stmt"/>
        <line num="31" count="3" type="stmt"/>
        <line num="33" count="1" type="stmt"/>
        <line num="34" count="1" type="stmt"/>
        <line num="40" count="3" type="stmt"/>
        <line num="41" count="1" type="stmt"/>
        <line num="46" count="3" type="stmt"/>
      </file>
      <file name="index.ts" path="/Users/frivolta/Desktop/Sites/Apps/minesweeper/src/modules/GameWithRedux/GameWithReactRedux/index.ts">
        <metrics statements="0" coveredstatements="0" conditionals="0" coveredconditionals="0" methods="0" coveredmethods="0"/>
      </file>
    </package>
    <package name="src.modules.GameWithRedux.GameWithUseReducer">
      <metrics statements="15" coveredstatements="15" conditionals="4" coveredconditionals="4" methods="5" coveredmethods="5"/>
      <file name="GameWithUseReducer.tsx" path="/Users/frivolta/Desktop/Sites/Apps/minesweeper/src/modules/GameWithRedux/GameWithUseReducer/GameWithUseReducer.tsx">
        <metrics statements="15" coveredstatements="15" conditionals="4" coveredconditionals="4" methods="5" coveredmethods="5"/>
        <line num="17" count="8" type="stmt"/>
        <line num="18" count="14" type="stmt"/>
        <line num="19" count="14" type="cond" truecount="2" falsecount="0"/>
        <line num="24" count="14" type="stmt"/>
        <line num="26" count="14" type="stmt"/>
        <line num="28" count="14" type="stmt"/>
        <line num="29" count="3" type="stmt"/>
        <line num="34" count="14" type="stmt"/>
        <line num="35" count="1" type="stmt"/>
        <line num="40" count="14" type="stmt"/>
        <line num="41" count="2" type="stmt"/>
        <line num="46" count="14" type="stmt"/>
        <line num="48" count="1" type="stmt"/>
        <line num="49" count="1" type="stmt"/>
        <line num="55" count="14" type="stmt"/>
      </file>
      <file name="index.ts" path="/Users/frivolta/Desktop/Sites/Apps/minesweeper/src/modules/GameWithRedux/GameWithUseReducer/index.ts">
        <metrics statements="0" coveredstatements="0" conditionals="0" coveredconditionals="0" methods="0" coveredmethods="0"/>
      </file>
    </package>
    <package name="src.pages.MinesweeperWithHooks">
      <metrics statements="5" coveredstatements="5" conditionals="4" coveredconditionals="4" methods="1" coveredmethods="1"/>
      <file name="MinesweeperWithHooks.tsx" path="/Users/frivolta/Desktop/Sites/Apps/minesweeper/src/pages/MinesweeperWithHooks/MinesweeperWithHooks.tsx">
        <metrics statements="5" coveredstatements="5" conditionals="4" coveredconditionals="4" methods="1" coveredmethods="1"/>
        <line num="10" count="1" type="stmt"/>
        <line num="11" count="1" type="stmt"/>
        <line num="12" count="1" type="stmt"/>
        <line num="14" count="1" type="stmt"/>
        <line num="16" count="1" type="stmt"/>
      </file>
    </package>
    <package name="src.pages.MinesweeperWithReactRedux">
      <metrics statements="2" coveredstatements="2" conditionals="0" coveredconditionals="0" methods="1" coveredmethods="1"/>
      <file name="MinesweeperWithReactRedux.tsx" path="/Users/frivolta/Desktop/Sites/Apps/minesweeper/src/pages/MinesweeperWithReactRedux/MinesweeperWithReactRedux.tsx">
        <metrics statements="2" coveredstatements="2" conditionals="0" coveredconditionals="0" methods="1" coveredmethods="1"/>
        <line num="8" count="1" type="stmt"/>
        <line num="9" count="1" type="stmt"/>
      </file>
    </package>
    <package name="src.pages.MinesweeperWithUseReducer">
      <metrics statements="2" coveredstatements="2" conditionals="0" coveredconditionals="0" methods="1" coveredmethods="1"/>
      <file name="MinesweeperWithUseReducer.tsx" path="/Users/frivolta/Desktop/Sites/Apps/minesweeper/src/pages/MinesweeperWithUseReducer/MinesweeperWithUseReducer.tsx">
        <metrics statements="2" coveredstatements="2" conditionals="0" coveredconditionals="0" methods="1" coveredmethods="1"/>
        <line num="8" count="1" type="stmt"/>
        <line num="9" count="1" type="stmt"/>
      </file>
    </package>
  </project>
</coverage>
