{"/Users/frivolta/Desktop/Sites/Apps/minesweeper/src/components/Grid/Cell.tsx": {"path":"/Users/frivolta/Desktop/Sites/Apps/minesweeper/src/components/Grid/Cell.tsx","statementMap":{"0":{"start":{"line":27,"column":28},"end":{"line":28,"column":71}},"1":{"start":{"line":28,"column":2},"end":{"line":28,"column":71}},"2":{"start":{"line":30,"column":24},"end":{"line":45,"column":1}},"3":{"start":{"line":35,"column":4},"end":{"line":37,"column":18}},"4":{"start":{"line":36,"column":38},"end":{"line":36,"column":69}},"5":{"start":{"line":39,"column":2},"end":{"line":44,"column":4}},"6":{"start":{"line":47,"column":35},"end":{"line":75,"column":1}},"7":{"start":{"line":48,"column":46},"end":{"line":48,"column":60}},"8":{"start":{"line":50,"column":18},"end":{"line":50,"column":44}},"9":{"start":{"line":50,"column":24},"end":{"line":50,"column":44}},"10":{"start":{"line":52,"column":24},"end":{"line":61,"column":3}},"11":{"start":{"line":56,"column":4},"end":{"line":56,"column":27}},"12":{"start":{"line":58,"column":4},"end":{"line":60,"column":5}},"13":{"start":{"line":59,"column":6},"end":{"line":59,"column":33}},"14":{"start":{"line":63,"column":16},"end":{"line":72,"column":3}},"15":{"start":{"line":74,"column":2},"end":{"line":74,"column":62}},"16":{"start":{"line":78,"column":0},"end":{"line":78,"column":26}},"17":{"start":{"line":92,"column":46},"end":{"line":123,"column":1}},"18":{"start":{"line":93,"column":29},"end":{"line":97,"column":3}},"19":{"start":{"line":99,"column":2},"end":{"line":122,"column":3}},"20":{"start":{"line":101,"column":6},"end":{"line":105,"column":8}},"21":{"start":{"line":107,"column":6},"end":{"line":107,"column":61}},"22":{"start":{"line":109,"column":6},"end":{"line":113,"column":8}},"23":{"start":{"line":115,"column":6},"end":{"line":119,"column":8}},"24":{"start":{"line":121,"column":6},"end":{"line":121,"column":79}},"25":{"start":{"line":129,"column":27},"end":{"line":145,"column":1}},"26":{"start":{"line":141,"column":4},"end":{"line":141,"column":61}},"27":{"start":{"line":147,"column":20},"end":{"line":147,"column":35}},"28":{"start":{"line":148,"column":46},"end":{"line":162,"column":1}},"29":{"start":{"line":164,"column":22},"end":{"line":171,"column":1}},"30":{"start":{"line":167,"column":29},"end":{"line":167,"column":72}},"31":{"start":{"line":173,"column":13},"end":{"line":178,"column":1}},"32":{"start":{"line":180,"column":18},"end":{"line":182,"column":1}},"33":{"start":{"line":184,"column":13},"end":{"line":191,"column":1}},"34":{"start":{"line":193,"column":17},"end":{"line":195,"column":1}}},"fnMap":{"0":{"name":"(anonymous_0)","decl":{"start":{"line":27,"column":28},"end":{"line":27,"column":29}},"loc":{"start":{"line":28,"column":2},"end":{"line":28,"column":71}},"line":28},"1":{"name":"(anonymous_1)","decl":{"start":{"line":30,"column":24},"end":{"line":30,"column":25}},"loc":{"start":{"line":33,"column":14},"end":{"line":45,"column":1}},"line":33},"2":{"name":"(anonymous_2)","decl":{"start":{"line":36,"column":6},"end":{"line":36,"column":7}},"loc":{"start":{"line":36,"column":38},"end":{"line":36,"column":69}},"line":36},"3":{"name":"(anonymous_3)","decl":{"start":{"line":47,"column":35},"end":{"line":47,"column":36}},"loc":{"start":{"line":47,"column":70},"end":{"line":75,"column":1}},"line":47},"4":{"name":"(anonymous_4)","decl":{"start":{"line":50,"column":18},"end":{"line":50,"column":19}},"loc":{"start":{"line":50,"column":24},"end":{"line":50,"column":44}},"line":50},"5":{"name":"(anonymous_5)","decl":{"start":{"line":52,"column":24},"end":{"line":52,"column":25}},"loc":{"start":{"line":52,"column":69},"end":{"line":61,"column":3}},"line":52},"6":{"name":"(anonymous_6)","decl":{"start":{"line":92,"column":46},"end":{"line":92,"column":47}},"loc":{"start":{"line":92,"column":73},"end":{"line":123,"column":1}},"line":92},"7":{"name":"(anonymous_7)","decl":{"start":{"line":140,"column":18},"end":{"line":140,"column":19}},"loc":{"start":{"line":141,"column":4},"end":{"line":141,"column":61}},"line":141},"8":{"name":"(anonymous_8)","decl":{"start":{"line":167,"column":11},"end":{"line":167,"column":12}},"loc":{"start":{"line":167,"column":29},"end":{"line":167,"column":72}},"line":167}},"branchMap":{"0":{"loc":{"start":{"line":40,"column":4},"end":{"line":43,"column":55}},"type":"binary-expr","locations":[{"start":{"line":40,"column":4},"end":{"line":40,"column":45}},{"start":{"line":41,"column":4},"end":{"line":41,"column":18}},{"start":{"line":42,"column":4},"end":{"line":42,"column":43}},{"start":{"line":43,"column":4},"end":{"line":43,"column":55}}],"line":40},"1":{"loc":{"start":{"line":58,"column":4},"end":{"line":60,"column":5}},"type":"if","locations":[{"start":{"line":58,"column":4},"end":{"line":60,"column":5}},{"start":{},"end":{}}],"line":58},"2":{"loc":{"start":{"line":99,"column":2},"end":{"line":122,"column":3}},"type":"switch","locations":[{"start":{"line":100,"column":4},"end":{"line":105,"column":8}},{"start":{"line":106,"column":4},"end":{"line":107,"column":61}},{"start":{"line":108,"column":4},"end":{"line":113,"column":8}},{"start":{"line":114,"column":4},"end":{"line":119,"column":8}},{"start":{"line":120,"column":4},"end":{"line":121,"column":79}}],"line":99},"3":{"loc":{"start":{"line":140,"column":21},"end":{"line":140,"column":38}},"type":"default-arg","locations":[{"start":{"line":140,"column":33},"end":{"line":140,"column":38}}],"line":140},"4":{"loc":{"start":{"line":141,"column":4},"end":{"line":141,"column":61}},"type":"cond-expr","locations":[{"start":{"line":141,"column":16},"end":{"line":141,"column":29}},{"start":{"line":141,"column":32},"end":{"line":141,"column":61}}],"line":141},"5":{"loc":{"start":{"line":167,"column":29},"end":{"line":167,"column":72}},"type":"binary-expr","locations":[{"start":{"line":167,"column":29},"end":{"line":167,"column":57}},{"start":{"line":167,"column":61},"end":{"line":167,"column":72}}],"line":167}},"s":{"0":2,"1":39,"2":2,"3":8,"4":16,"5":8,"6":2,"7":183,"8":183,"9":3,"10":183,"11":26,"12":26,"13":6,"14":183,"15":183,"16":2,"17":2,"18":183,"19":183,"20":20,"21":12,"22":3,"23":3,"24":145,"25":2,"26":196,"27":2,"28":2,"29":2,"30":165,"31":2,"32":2,"33":2,"34":2},"f":{"0":39,"1":8,"2":16,"3":183,"4":3,"5":26,"6":183,"7":196,"8":165},"b":{"0":[8,7,3,2],"1":[6,20],"2":[20,12,3,3,145],"3":[165],"4":[13,183],"5":[165,20]},"_coverageSchema":"1a1c01bbd47fc00a2c39e90264f33305004495a9","hash":"c76115b3aae5ef6a321d29fb9f2b8e36bc1ac5a4"}
,"/Users/frivolta/Desktop/Sites/Apps/minesweeper/src/components/Grid/Grid.tsx": {"path":"/Users/frivolta/Desktop/Sites/Apps/minesweeper/src/components/Grid/Grid.tsx","statementMap":{"0":{"start":{"line":23,"column":35},"end":{"line":34,"column":1}},"1":{"start":{"line":24,"column":2},"end":{"line":33,"column":12}},"2":{"start":{"line":26,"column":6},"end":{"line":31,"column":8}},"3":{"start":{"line":28,"column":8},"end":{"line":30,"column":15}},"4":{"start":{"line":40,"column":16},"end":{"line":45,"column":1}},"5":{"start":{"line":42,"column":48},"end":{"line":42,"column":52}}},"fnMap":{"0":{"name":"(anonymous_0)","decl":{"start":{"line":23,"column":35},"end":{"line":23,"column":36}},"loc":{"start":{"line":24,"column":2},"end":{"line":33,"column":12}},"line":24},"1":{"name":"(anonymous_1)","decl":{"start":{"line":25,"column":18},"end":{"line":25,"column":19}},"loc":{"start":{"line":26,"column":6},"end":{"line":31,"column":8}},"line":26},"2":{"name":"(anonymous_2)","decl":{"start":{"line":26,"column":14},"end":{"line":26,"column":15}},"loc":{"start":{"line":28,"column":8},"end":{"line":30,"column":15}},"line":28},"3":{"name":"(anonymous_3)","decl":{"start":{"line":42,"column":34},"end":{"line":42,"column":35}},"loc":{"start":{"line":42,"column":48},"end":{"line":42,"column":52}},"line":42}},"branchMap":{},"s":{"0":1,"1":1,"2":12,"3":144,"4":1,"5":1},"f":{"0":1,"1":12,"2":144,"3":1},"b":{},"_coverageSchema":"1a1c01bbd47fc00a2c39e90264f33305004495a9","hash":"367ea68dee8202571df4189ee17bd2fb3c8c349c"}
,"/Users/frivolta/Desktop/Sites/Apps/minesweeper/src/components/Scoreboard/Counter.tsx": {"path":"/Users/frivolta/Desktop/Sites/Apps/minesweeper/src/components/Scoreboard/Counter.tsx","statementMap":{"0":{"start":{"line":11,"column":41},"end":{"line":13,"column":2}},"1":{"start":{"line":12,"column":2},"end":{"line":12,"column":27}},"2":{"start":{"line":16,"column":0},"end":{"line":16,"column":32}},"3":{"start":{"line":18,"column":14},"end":{"line":27,"column":1}}},"fnMap":{"0":{"name":"(anonymous_0)","decl":{"start":{"line":11,"column":46},"end":{"line":11,"column":47}},"loc":{"start":{"line":12,"column":2},"end":{"line":12,"column":27}},"line":12}},"branchMap":{},"s":{"0":2,"1":5,"2":2,"3":2},"f":{"0":5},"b":{},"_coverageSchema":"1a1c01bbd47fc00a2c39e90264f33305004495a9","hash":"1b507c2ec61a1ce50e6e53f2ea2ac7151b3d5834"}
,"/Users/frivolta/Desktop/Sites/Apps/minesweeper/src/components/Scoreboard/Level.tsx": {"path":"/Users/frivolta/Desktop/Sites/Apps/minesweeper/src/components/Scoreboard/Level.tsx","statementMap":{"0":{"start":{"line":19,"column":37},"end":{"line":27,"column":1}},"1":{"start":{"line":20,"column":2},"end":{"line":26,"column":11}},"2":{"start":{"line":22,"column":6},"end":{"line":24,"column":15}},"3":{"start":{"line":30,"column":0},"end":{"line":30,"column":28}},"4":{"start":{"line":32,"column":15},"end":{"line":39,"column":1}},"5":{"start":{"line":41,"column":15},"end":{"line":47,"column":1}}},"fnMap":{"0":{"name":"(anonymous_0)","decl":{"start":{"line":19,"column":37},"end":{"line":19,"column":38}},"loc":{"start":{"line":20,"column":2},"end":{"line":26,"column":11}},"line":20},"1":{"name":"(anonymous_1)","decl":{"start":{"line":21,"column":18},"end":{"line":21,"column":19}},"loc":{"start":{"line":22,"column":6},"end":{"line":24,"column":15}},"line":22}},"branchMap":{},"s":{"0":2,"1":4,"2":12,"3":2,"4":2,"5":2},"f":{"0":4,"1":12},"b":{},"_coverageSchema":"1a1c01bbd47fc00a2c39e90264f33305004495a9","hash":"bef9d40c6d1ed6a1e9d38b3e439f4aacfa828aa1"}
,"/Users/frivolta/Desktop/Sites/Apps/minesweeper/src/components/Scoreboard/Reset.tsx": {"path":"/Users/frivolta/Desktop/Sites/Apps/minesweeper/src/components/Scoreboard/Reset.tsx","statementMap":{"0":{"start":{"line":12,"column":37},"end":{"line":25,"column":1}},"1":{"start":{"line":13,"column":46},"end":{"line":13,"column":60}},"2":{"start":{"line":15,"column":2},"end":{"line":24,"column":4}},"3":{"start":{"line":28,"column":0},"end":{"line":28,"column":28}},"4":{"start":{"line":30,"column":15},"end":{"line":39,"column":1}}},"fnMap":{"0":{"name":"(anonymous_0)","decl":{"start":{"line":12,"column":37},"end":{"line":12,"column":38}},"loc":{"start":{"line":12,"column":54},"end":{"line":25,"column":1}},"line":12}},"branchMap":{"0":{"loc":{"start":{"line":22,"column":7},"end":{"line":22,"column":30}},"type":"cond-expr","locations":[{"start":{"line":22,"column":19},"end":{"line":22,"column":23}},{"start":{"line":22,"column":26},"end":{"line":22,"column":30}}],"line":22}},"s":{"0":2,"1":11,"2":11,"3":2,"4":2},"f":{"0":11},"b":{"0":[2,9]},"_coverageSchema":"1a1c01bbd47fc00a2c39e90264f33305004495a9","hash":"09241295ae04eebdc1233a2d6ab34fc1b614a587"}
,"/Users/frivolta/Desktop/Sites/Apps/minesweeper/src/components/Scoreboard/Scoreboard.tsx": {"path":"/Users/frivolta/Desktop/Sites/Apps/minesweeper/src/components/Scoreboard/Scoreboard.tsx","statementMap":{"0":{"start":{"line":35,"column":47},"end":{"line":53,"column":1}},"1":{"start":{"line":43,"column":2},"end":{"line":52,"column":12}},"2":{"start":{"line":55,"column":16},"end":{"line":59,"column":1}}},"fnMap":{"0":{"name":"(anonymous_0)","decl":{"start":{"line":35,"column":47},"end":{"line":35,"column":48}},"loc":{"start":{"line":43,"column":2},"end":{"line":52,"column":12}},"line":43}},"branchMap":{},"s":{"0":1,"1":2,"2":1},"f":{"0":2},"b":{},"_coverageSchema":"1a1c01bbd47fc00a2c39e90264f33305004495a9","hash":"4b7d6e9cd0648d135427921e91f9b4bb715cc8ee"}
,"/Users/frivolta/Desktop/Sites/Apps/minesweeper/src/components/Top/GameName.tsx": {"path":"/Users/frivolta/Desktop/Sites/Apps/minesweeper/src/components/Top/GameName.tsx","statementMap":{"0":{"start":{"line":10,"column":24},"end":{"line":12,"column":1}}},"fnMap":{},"branchMap":{},"s":{"0":2},"f":{},"b":{},"_coverageSchema":"1a1c01bbd47fc00a2c39e90264f33305004495a9","hash":"ed4d7cafb44f8cb644c98c06876676fdbd84e64e"}
,"/Users/frivolta/Desktop/Sites/Apps/minesweeper/src/components/Top/Legend.tsx": {"path":"/Users/frivolta/Desktop/Sites/Apps/minesweeper/src/components/Top/Legend.tsx","statementMap":{"0":{"start":{"line":19,"column":39},"end":{"line":30,"column":1}},"1":{"start":{"line":24,"column":2},"end":{"line":29,"column":11}},"2":{"start":{"line":32,"column":12},"end":{"line":34,"column":1}},"3":{"start":{"line":36,"column":14},"end":{"line":38,"column":1}},"4":{"start":{"line":40,"column":15},"end":{"line":44,"column":1}},"5":{"start":{"line":46,"column":24},"end":{"line":48,"column":1}}},"fnMap":{"0":{"name":"(anonymous_0)","decl":{"start":{"line":19,"column":39},"end":{"line":19,"column":40}},"loc":{"start":{"line":24,"column":2},"end":{"line":29,"column":11}},"line":24}},"branchMap":{},"s":{"0":2,"1":2,"2":2,"3":2,"4":2,"5":2},"f":{"0":2},"b":{},"_coverageSchema":"1a1c01bbd47fc00a2c39e90264f33305004495a9","hash":"5a0a05bc167de48ac42e1b59263758bc581e7952"}
,"/Users/frivolta/Desktop/Sites/Apps/minesweeper/src/components/Top/Top.tsx": {"path":"/Users/frivolta/Desktop/Sites/Apps/minesweeper/src/components/Top/Top.tsx","statementMap":{"0":{"start":{"line":8,"column":41},"end":{"line":13,"column":1}},"1":{"start":{"line":9,"column":2},"end":{"line":12,"column":11}},"2":{"start":{"line":15,"column":15},"end":{"line":19,"column":1}}},"fnMap":{"0":{"name":"(anonymous_0)","decl":{"start":{"line":8,"column":41},"end":{"line":8,"column":42}},"loc":{"start":{"line":9,"column":2},"end":{"line":12,"column":11}},"line":9}},"branchMap":{},"s":{"0":1,"1":1,"2":1},"f":{"0":1},"b":{},"_coverageSchema":"1a1c01bbd47fc00a2c39e90264f33305004495a9","hash":"5a2ec5968c6e69576ce110b4d2c341f6889d37c9"}
,"/Users/frivolta/Desktop/Sites/Apps/minesweeper/src/components/hooks/useMouseDown.tsx": {"path":"/Users/frivolta/Desktop/Sites/Apps/minesweeper/src/components/hooks/useMouseDown.tsx","statementMap":{"0":{"start":{"line":6,"column":28},"end":{"line":25,"column":1}},"1":{"start":{"line":11,"column":36},"end":{"line":11,"column":51}},"2":{"start":{"line":13,"column":22},"end":{"line":17,"column":3}},"3":{"start":{"line":14,"column":10},"end":{"line":14,"column":28}},"4":{"start":{"line":18,"column":20},"end":{"line":22,"column":3}},"5":{"start":{"line":19,"column":10},"end":{"line":19,"column":29}},"6":{"start":{"line":24,"column":2},"end":{"line":24,"column":45}}},"fnMap":{"0":{"name":"(anonymous_0)","decl":{"start":{"line":6,"column":28},"end":{"line":6,"column":29}},"loc":{"start":{"line":10,"column":5},"end":{"line":25,"column":1}},"line":10},"1":{"name":"(anonymous_1)","decl":{"start":{"line":14,"column":4},"end":{"line":14,"column":5}},"loc":{"start":{"line":14,"column":10},"end":{"line":14,"column":28}},"line":14},"2":{"name":"(anonymous_2)","decl":{"start":{"line":19,"column":4},"end":{"line":19,"column":5}},"loc":{"start":{"line":19,"column":10},"end":{"line":19,"column":29}},"line":19}},"branchMap":{},"s":{"0":5,"1":198,"2":198,"3":4,"4":198,"5":3,"6":198},"f":{"0":198,"1":4,"2":3},"b":{},"_coverageSchema":"1a1c01bbd47fc00a2c39e90264f33305004495a9","hash":"bac6fb447a7ab63e44ac7f1f313ef9549c65ed6b"}
,"/Users/frivolta/Desktop/Sites/Apps/minesweeper/src/helpers/CellsManipulation.ts": {"path":"/Users/frivolta/Desktop/Sites/Apps/minesweeper/src/helpers/CellsManipulation.ts","statementMap":{"0":{"start":{"line":8,"column":33},"end":{"line":20,"column":2}},"1":{"start":{"line":11,"column":6},"end":{"line":20,"column":1}},"2":{"start":{"line":28,"column":32},"end":{"line":29,"column":54}},"3":{"start":{"line":29,"column":2},"end":{"line":29,"column":54}},"4":{"start":{"line":37,"column":35},"end":{"line":50,"column":1}},"5":{"start":{"line":38,"column":16},"end":{"line":38,"column":41}},"6":{"start":{"line":40,"column":2},"end":{"line":47,"column":3}},"7":{"start":{"line":41,"column":4},"end":{"line":46,"column":5}},"8":{"start":{"line":42,"column":19},"end":{"line":42,"column":30}},"9":{"start":{"line":43,"column":6},"end":{"line":45,"column":7}},"10":{"start":{"line":44,"column":8},"end":{"line":44,"column":41}},"11":{"start":{"line":49,"column":2},"end":{"line":49,"column":15}}},"fnMap":{"0":{"name":"(anonymous_0)","decl":{"start":{"line":8,"column":33},"end":{"line":8,"column":34}},"loc":{"start":{"line":11,"column":6},"end":{"line":20,"column":1}},"line":11},"1":{"name":"(anonymous_1)","decl":{"start":{"line":28,"column":32},"end":{"line":28,"column":33}},"loc":{"start":{"line":29,"column":2},"end":{"line":29,"column":54}},"line":29},"2":{"name":"(anonymous_2)","decl":{"start":{"line":37,"column":35},"end":{"line":37,"column":36}},"loc":{"start":{"line":37,"column":76},"end":{"line":50,"column":1}},"line":37}},"branchMap":{"0":{"loc":{"start":{"line":29,"column":2},"end":{"line":29,"column":54}},"type":"binary-expr","locations":[{"start":{"line":29,"column":2},"end":{"line":29,"column":8}},{"start":{"line":29,"column":12},"end":{"line":29,"column":18}},{"start":{"line":29,"column":22},"end":{"line":29,"column":36}},{"start":{"line":29,"column":40},"end":{"line":29,"column":54}}],"line":29},"1":{"loc":{"start":{"line":41,"column":4},"end":{"line":46,"column":5}},"type":"if","locations":[{"start":{"line":41,"column":4},"end":{"line":46,"column":5}},{"start":{},"end":{}}],"line":41},"2":{"loc":{"start":{"line":43,"column":6},"end":{"line":45,"column":7}},"type":"if","locations":[{"start":{"line":43,"column":6},"end":{"line":45,"column":7}},{"start":{},"end":{}}],"line":43}},"s":{"0":4,"1":42,"2":4,"3":327,"4":4,"5":40,"6":40,"7":320,"8":237,"9":237,"10":200,"11":40},"f":{"0":42,"1":327,"2":40},"b":{"0":[327,299,279,256],"1":[237,83],"2":[200,37]},"_coverageSchema":"1a1c01bbd47fc00a2c39e90264f33305004495a9","hash":"bba4fc401dc47e885b59b62bb248f8fafec8b90c"}
,"/Users/frivolta/Desktop/Sites/Apps/minesweeper/src/helpers/Field.ts": {"path":"/Users/frivolta/Desktop/Sites/Apps/minesweeper/src/helpers/Field.ts","statementMap":{"0":{"start":{"line":7,"column":47},"end":{"line":13,"column":1}},"1":{"start":{"line":28,"column":45},"end":{"line":31,"column":77}},"2":{"start":{"line":31,"column":12},"end":{"line":31,"column":77}},"3":{"start":{"line":31,"column":49},"end":{"line":31,"column":76}},"4":{"start":{"line":52,"column":30},"end":{"line":75,"column":1}},"5":{"start":{"line":53,"column":2},"end":{"line":55,"column":3}},"6":{"start":{"line":54,"column":4},"end":{"line":54,"column":59}},"7":{"start":{"line":57,"column":25},"end":{"line":57,"column":36}},"8":{"start":{"line":58,"column":27},"end":{"line":58,"column":57}},"9":{"start":{"line":60,"column":24},"end":{"line":60,"column":59}},"10":{"start":{"line":63,"column":2},"end":{"line":73,"column":3}},"11":{"start":{"line":63,"column":15},"end":{"line":63,"column":16}},"12":{"start":{"line":64,"column":4},"end":{"line":72,"column":5}},"13":{"start":{"line":64,"column":17},"end":{"line":64,"column":18}},"14":{"start":{"line":66,"column":6},"end":{"line":70,"column":7}},"15":{"start":{"line":67,"column":8},"end":{"line":67,"column":38}},"16":{"start":{"line":68,"column":8},"end":{"line":68,"column":44}},"17":{"start":{"line":69,"column":8},"end":{"line":69,"column":29}},"18":{"start":{"line":71,"column":6},"end":{"line":71,"column":25}},"19":{"start":{"line":74,"column":2},"end":{"line":74,"column":16}}},"fnMap":{"0":{"name":"(anonymous_0)","decl":{"start":{"line":28,"column":45},"end":{"line":28,"column":46}},"loc":{"start":{"line":31,"column":12},"end":{"line":31,"column":77}},"line":31},"1":{"name":"(anonymous_1)","decl":{"start":{"line":31,"column":43},"end":{"line":31,"column":44}},"loc":{"start":{"line":31,"column":49},"end":{"line":31,"column":76}},"line":31},"2":{"name":"(anonymous_2)","decl":{"start":{"line":52,"column":30},"end":{"line":52,"column":31}},"loc":{"start":{"line":52,"column":76},"end":{"line":75,"column":1}},"line":52}},"branchMap":{"0":{"loc":{"start":{"line":30,"column":2},"end":{"line":30,"column":31}},"type":"default-arg","locations":[{"start":{"line":30,"column":16},"end":{"line":30,"column":31}}],"line":30},"1":{"loc":{"start":{"line":53,"column":2},"end":{"line":55,"column":3}},"type":"if","locations":[{"start":{"line":53,"column":2},"end":{"line":55,"column":3}},{"start":{},"end":{}}],"line":53},"2":{"loc":{"start":{"line":53,"column":6},"end":{"line":53,"column":40}},"type":"binary-expr","locations":[{"start":{"line":53,"column":6},"end":{"line":53,"column":21}},{"start":{"line":53,"column":25},"end":{"line":53,"column":40}}],"line":53},"3":{"loc":{"start":{"line":66,"column":6},"end":{"line":70,"column":7}},"type":"if","locations":[{"start":{"line":66,"column":6},"end":{"line":70,"column":7}},{"start":{},"end":{}}],"line":66}},"s":{"0":4,"1":4,"2":9,"3":34,"4":4,"5":8,"6":2,"7":6,"8":6,"9":6,"10":6,"11":6,"12":26,"13":26,"14":210,"15":32,"16":32,"17":32,"18":210,"19":6},"f":{"0":9,"1":34,"2":8},"b":{"0":[8],"1":[2,6],"2":[8,7],"3":[32,178]},"_coverageSchema":"1a1c01bbd47fc00a2c39e90264f33305004495a9","hash":"7108cf3342b8c02b915e370bc468a04ac47b6263"}
}
