{"/Users/frivolta/Desktop/Sites/Apps/minesweeper/src/components/Grid/Cell.tsx": {"path":"/Users/frivolta/Desktop/Sites/Apps/minesweeper/src/components/Grid/Cell.tsx","statementMap":{"0":{"start":{"line":27,"column":28},"end":{"line":28,"column":71}},"1":{"start":{"line":28,"column":2},"end":{"line":28,"column":71}},"2":{"start":{"line":30,"column":24},"end":{"line":45,"column":1}},"3":{"start":{"line":35,"column":4},"end":{"line":37,"column":18}},"4":{"start":{"line":36,"column":38},"end":{"line":36,"column":69}},"5":{"start":{"line":39,"column":2},"end":{"line":44,"column":4}},"6":{"start":{"line":47,"column":35},"end":{"line":75,"column":1}},"7":{"start":{"line":48,"column":46},"end":{"line":48,"column":60}},"8":{"start":{"line":50,"column":18},"end":{"line":50,"column":44}},"9":{"start":{"line":50,"column":24},"end":{"line":50,"column":44}},"10":{"start":{"line":52,"column":24},"end":{"line":61,"column":3}},"11":{"start":{"line":56,"column":4},"end":{"line":56,"column":27}},"12":{"start":{"line":58,"column":4},"end":{"line":60,"column":5}},"13":{"start":{"line":59,"column":6},"end":{"line":59,"column":33}},"14":{"start":{"line":63,"column":16},"end":{"line":72,"column":3}},"15":{"start":{"line":74,"column":2},"end":{"line":74,"column":62}},"16":{"start":{"line":78,"column":0},"end":{"line":78,"column":26}},"17":{"start":{"line":92,"column":46},"end":{"line":123,"column":1}},"18":{"start":{"line":93,"column":29},"end":{"line":97,"column":3}},"19":{"start":{"line":99,"column":2},"end":{"line":122,"column":3}},"20":{"start":{"line":101,"column":6},"end":{"line":105,"column":8}},"21":{"start":{"line":107,"column":6},"end":{"line":107,"column":61}},"22":{"start":{"line":109,"column":6},"end":{"line":113,"column":8}},"23":{"start":{"line":115,"column":6},"end":{"line":119,"column":8}},"24":{"start":{"line":121,"column":6},"end":{"line":121,"column":79}},"25":{"start":{"line":129,"column":27},"end":{"line":145,"column":1}},"26":{"start":{"line":141,"column":4},"end":{"line":141,"column":61}},"27":{"start":{"line":147,"column":20},"end":{"line":147,"column":35}},"28":{"start":{"line":148,"column":46},"end":{"line":162,"column":1}},"29":{"start":{"line":164,"column":22},"end":{"line":171,"column":1}},"30":{"start":{"line":167,"column":29},"end":{"line":167,"column":72}},"31":{"start":{"line":173,"column":13},"end":{"line":178,"column":1}},"32":{"start":{"line":180,"column":18},"end":{"line":182,"column":1}},"33":{"start":{"line":184,"column":13},"end":{"line":191,"column":1}},"34":{"start":{"line":193,"column":17},"end":{"line":195,"column":1}}},"fnMap":{"0":{"name":"(anonymous_0)","decl":{"start":{"line":27,"column":28},"end":{"line":27,"column":29}},"loc":{"start":{"line":28,"column":2},"end":{"line":28,"column":71}},"line":28},"1":{"name":"(anonymous_1)","decl":{"start":{"line":30,"column":24},"end":{"line":30,"column":25}},"loc":{"start":{"line":33,"column":14},"end":{"line":45,"column":1}},"line":33},"2":{"name":"(anonymous_2)","decl":{"start":{"line":36,"column":6},"end":{"line":36,"column":7}},"loc":{"start":{"line":36,"column":38},"end":{"line":36,"column":69}},"line":36},"3":{"name":"(anonymous_3)","decl":{"start":{"line":47,"column":35},"end":{"line":47,"column":36}},"loc":{"start":{"line":47,"column":70},"end":{"line":75,"column":1}},"line":47},"4":{"name":"(anonymous_4)","decl":{"start":{"line":50,"column":18},"end":{"line":50,"column":19}},"loc":{"start":{"line":50,"column":24},"end":{"line":50,"column":44}},"line":50},"5":{"name":"(anonymous_5)","decl":{"start":{"line":52,"column":24},"end":{"line":52,"column":25}},"loc":{"start":{"line":52,"column":69},"end":{"line":61,"column":3}},"line":52},"6":{"name":"(anonymous_6)","decl":{"start":{"line":92,"column":46},"end":{"line":92,"column":47}},"loc":{"start":{"line":92,"column":73},"end":{"line":123,"column":1}},"line":92},"7":{"name":"(anonymous_7)","decl":{"start":{"line":140,"column":18},"end":{"line":140,"column":19}},"loc":{"start":{"line":141,"column":4},"end":{"line":141,"column":61}},"line":141},"8":{"name":"(anonymous_8)","decl":{"start":{"line":167,"column":11},"end":{"line":167,"column":12}},"loc":{"start":{"line":167,"column":29},"end":{"line":167,"column":72}},"line":167}},"branchMap":{"0":{"loc":{"start":{"line":40,"column":4},"end":{"line":43,"column":55}},"type":"binary-expr","locations":[{"start":{"line":40,"column":4},"end":{"line":40,"column":45}},{"start":{"line":41,"column":4},"end":{"line":41,"column":18}},{"start":{"line":42,"column":4},"end":{"line":42,"column":43}},{"start":{"line":43,"column":4},"end":{"line":43,"column":55}}],"line":40},"1":{"loc":{"start":{"line":58,"column":4},"end":{"line":60,"column":5}},"type":"if","locations":[{"start":{"line":58,"column":4},"end":{"line":60,"column":5}},{"start":{},"end":{}}],"line":58},"2":{"loc":{"start":{"line":99,"column":2},"end":{"line":122,"column":3}},"type":"switch","locations":[{"start":{"line":100,"column":4},"end":{"line":105,"column":8}},{"start":{"line":106,"column":4},"end":{"line":107,"column":61}},{"start":{"line":108,"column":4},"end":{"line":113,"column":8}},{"start":{"line":114,"column":4},"end":{"line":119,"column":8}},{"start":{"line":120,"column":4},"end":{"line":121,"column":79}}],"line":99},"3":{"loc":{"start":{"line":140,"column":21},"end":{"line":140,"column":38}},"type":"default-arg","locations":[{"start":{"line":140,"column":33},"end":{"line":140,"column":38}}],"line":140},"4":{"loc":{"start":{"line":141,"column":4},"end":{"line":141,"column":61}},"type":"cond-expr","locations":[{"start":{"line":141,"column":16},"end":{"line":141,"column":29}},{"start":{"line":141,"column":32},"end":{"line":141,"column":61}}],"line":141},"5":{"loc":{"start":{"line":167,"column":29},"end":{"line":167,"column":72}},"type":"binary-expr","locations":[{"start":{"line":167,"column":29},"end":{"line":167,"column":57}},{"start":{"line":167,"column":61},"end":{"line":167,"column":72}}],"line":167}},"s":{"0":1,"1":39,"2":1,"3":8,"4":16,"5":8,"6":1,"7":39,"8":39,"9":3,"10":39,"11":26,"12":26,"13":6,"14":39,"15":39,"16":1,"17":1,"18":39,"19":39,"20":3,"21":3,"22":3,"23":3,"24":27,"25":1,"26":52,"27":1,"28":1,"29":1,"30":30,"31":1,"32":1,"33":1,"34":1},"f":{"0":39,"1":8,"2":16,"3":39,"4":3,"5":26,"6":39,"7":52,"8":30},"b":{"0":[8,7,3,2],"1":[6,20],"2":[3,3,3,3,27],"3":[30],"4":[13,39],"5":[30,3]},"_coverageSchema":"1a1c01bbd47fc00a2c39e90264f33305004495a9","hash":"c76115b3aae5ef6a321d29fb9f2b8e36bc1ac5a4"}
,"/Users/frivolta/Desktop/Sites/Apps/minesweeper/src/components/Scoreboard/Reset.tsx": {"path":"/Users/frivolta/Desktop/Sites/Apps/minesweeper/src/components/Scoreboard/Reset.tsx","statementMap":{"0":{"start":{"line":12,"column":37},"end":{"line":25,"column":1}},"1":{"start":{"line":13,"column":46},"end":{"line":13,"column":60}},"2":{"start":{"line":15,"column":2},"end":{"line":24,"column":4}},"3":{"start":{"line":28,"column":0},"end":{"line":28,"column":28}},"4":{"start":{"line":30,"column":15},"end":{"line":39,"column":1}}},"fnMap":{"0":{"name":"(anonymous_0)","decl":{"start":{"line":12,"column":37},"end":{"line":12,"column":38}},"loc":{"start":{"line":12,"column":54},"end":{"line":25,"column":1}},"line":12}},"branchMap":{"0":{"loc":{"start":{"line":22,"column":7},"end":{"line":22,"column":30}},"type":"cond-expr","locations":[{"start":{"line":22,"column":19},"end":{"line":22,"column":23}},{"start":{"line":22,"column":26},"end":{"line":22,"column":30}}],"line":22}},"s":{"0":1,"1":9,"2":9,"3":1,"4":1},"f":{"0":9},"b":{"0":[2,7]},"_coverageSchema":"1a1c01bbd47fc00a2c39e90264f33305004495a9","hash":"09241295ae04eebdc1233a2d6ab34fc1b614a587"}
,"/Users/frivolta/Desktop/Sites/Apps/minesweeper/src/components/hooks/useMouseDown.tsx": {"path":"/Users/frivolta/Desktop/Sites/Apps/minesweeper/src/components/hooks/useMouseDown.tsx","statementMap":{"0":{"start":{"line":6,"column":28},"end":{"line":25,"column":1}},"1":{"start":{"line":11,"column":36},"end":{"line":11,"column":51}},"2":{"start":{"line":13,"column":22},"end":{"line":17,"column":3}},"3":{"start":{"line":14,"column":10},"end":{"line":14,"column":28}},"4":{"start":{"line":18,"column":20},"end":{"line":22,"column":3}},"5":{"start":{"line":19,"column":10},"end":{"line":19,"column":29}},"6":{"start":{"line":24,"column":2},"end":{"line":24,"column":45}}},"fnMap":{"0":{"name":"(anonymous_0)","decl":{"start":{"line":6,"column":28},"end":{"line":6,"column":29}},"loc":{"start":{"line":10,"column":5},"end":{"line":25,"column":1}},"line":10},"1":{"name":"(anonymous_1)","decl":{"start":{"line":14,"column":4},"end":{"line":14,"column":5}},"loc":{"start":{"line":14,"column":10},"end":{"line":14,"column":28}},"line":14},"2":{"name":"(anonymous_2)","decl":{"start":{"line":19,"column":4},"end":{"line":19,"column":5}},"loc":{"start":{"line":19,"column":10},"end":{"line":19,"column":29}},"line":19}},"branchMap":{},"s":{"0":3,"1":52,"2":52,"3":4,"4":52,"5":3,"6":52},"f":{"0":52,"1":4,"2":3},"b":{},"_coverageSchema":"1a1c01bbd47fc00a2c39e90264f33305004495a9","hash":"bac6fb447a7ab63e44ac7f1f313ef9549c65ed6b"}
,"/Users/frivolta/Desktop/Sites/Apps/minesweeper/src/helpers/CellsManipulation.ts": {"path":"/Users/frivolta/Desktop/Sites/Apps/minesweeper/src/helpers/CellsManipulation.ts","statementMap":{"0":{"start":{"line":8,"column":33},"end":{"line":20,"column":2}},"1":{"start":{"line":11,"column":6},"end":{"line":20,"column":1}},"2":{"start":{"line":28,"column":32},"end":{"line":29,"column":54}},"3":{"start":{"line":29,"column":2},"end":{"line":29,"column":54}},"4":{"start":{"line":37,"column":35},"end":{"line":50,"column":1}},"5":{"start":{"line":38,"column":16},"end":{"line":38,"column":41}},"6":{"start":{"line":40,"column":2},"end":{"line":47,"column":3}},"7":{"start":{"line":41,"column":4},"end":{"line":46,"column":5}},"8":{"start":{"line":42,"column":19},"end":{"line":42,"column":30}},"9":{"start":{"line":43,"column":6},"end":{"line":45,"column":7}},"10":{"start":{"line":44,"column":8},"end":{"line":44,"column":41}},"11":{"start":{"line":49,"column":2},"end":{"line":49,"column":15}}},"fnMap":{"0":{"name":"(anonymous_0)","decl":{"start":{"line":8,"column":33},"end":{"line":8,"column":34}},"loc":{"start":{"line":11,"column":6},"end":{"line":20,"column":1}},"line":11},"1":{"name":"(anonymous_1)","decl":{"start":{"line":28,"column":32},"end":{"line":28,"column":33}},"loc":{"start":{"line":29,"column":2},"end":{"line":29,"column":54}},"line":29},"2":{"name":"(anonymous_2)","decl":{"start":{"line":37,"column":35},"end":{"line":37,"column":36}},"loc":{"start":{"line":37,"column":76},"end":{"line":50,"column":1}},"line":37}},"branchMap":{"0":{"loc":{"start":{"line":29,"column":2},"end":{"line":29,"column":54}},"type":"binary-expr","locations":[{"start":{"line":29,"column":2},"end":{"line":29,"column":8}},{"start":{"line":29,"column":12},"end":{"line":29,"column":18}},{"start":{"line":29,"column":22},"end":{"line":29,"column":36}},{"start":{"line":29,"column":40},"end":{"line":29,"column":54}}],"line":29},"1":{"loc":{"start":{"line":41,"column":4},"end":{"line":46,"column":5}},"type":"if","locations":[{"start":{"line":41,"column":4},"end":{"line":46,"column":5}},{"start":{},"end":{}}],"line":41},"2":{"loc":{"start":{"line":43,"column":6},"end":{"line":45,"column":7}},"type":"if","locations":[{"start":{"line":43,"column":6},"end":{"line":45,"column":7}},{"start":{},"end":{}}],"line":43}},"s":{"0":1,"1":10,"2":1,"3":71,"4":1,"5":8,"6":8,"7":64,"8":46,"9":46,"10":37,"11":8},"f":{"0":10,"1":71,"2":8},"b":{"0":[71,61,54,50],"1":[46,18],"2":[37,9]},"_coverageSchema":"1a1c01bbd47fc00a2c39e90264f33305004495a9","hash":"bba4fc401dc47e885b59b62bb248f8fafec8b90c"}
,"/Users/frivolta/Desktop/Sites/Apps/minesweeper/src/helpers/Field.ts": {"path":"/Users/frivolta/Desktop/Sites/Apps/minesweeper/src/helpers/Field.ts","statementMap":{"0":{"start":{"line":5,"column":47},"end":{"line":11,"column":1}},"1":{"start":{"line":13,"column":35},"end":{"line":16,"column":77}},"2":{"start":{"line":16,"column":12},"end":{"line":16,"column":77}},"3":{"start":{"line":16,"column":49},"end":{"line":16,"column":76}},"4":{"start":{"line":18,"column":30},"end":{"line":41,"column":1}},"5":{"start":{"line":19,"column":2},"end":{"line":21,"column":3}},"6":{"start":{"line":20,"column":4},"end":{"line":20,"column":59}},"7":{"start":{"line":22,"column":24},"end":{"line":22,"column":49}},"8":{"start":{"line":24,"column":25},"end":{"line":24,"column":36}},"9":{"start":{"line":25,"column":27},"end":{"line":25,"column":57}},"10":{"start":{"line":27,"column":2},"end":{"line":38,"column":3}},"11":{"start":{"line":27,"column":15},"end":{"line":27,"column":16}},"12":{"start":{"line":28,"column":4},"end":{"line":37,"column":5}},"13":{"start":{"line":28,"column":17},"end":{"line":28,"column":18}},"14":{"start":{"line":29,"column":6},"end":{"line":31,"column":7}},"15":{"start":{"line":30,"column":8},"end":{"line":30,"column":22}},"16":{"start":{"line":32,"column":6},"end":{"line":35,"column":7}},"17":{"start":{"line":33,"column":8},"end":{"line":33,"column":38}},"18":{"start":{"line":34,"column":8},"end":{"line":34,"column":29}},"19":{"start":{"line":36,"column":6},"end":{"line":36,"column":25}},"20":{"start":{"line":40,"column":2},"end":{"line":40,"column":16}}},"fnMap":{"0":{"name":"(anonymous_0)","decl":{"start":{"line":13,"column":35},"end":{"line":13,"column":36}},"loc":{"start":{"line":16,"column":12},"end":{"line":16,"column":77}},"line":16},"1":{"name":"(anonymous_1)","decl":{"start":{"line":16,"column":43},"end":{"line":16,"column":44}},"loc":{"start":{"line":16,"column":49},"end":{"line":16,"column":76}},"line":16},"2":{"name":"(anonymous_2)","decl":{"start":{"line":18,"column":30},"end":{"line":18,"column":31}},"loc":{"start":{"line":18,"column":76},"end":{"line":41,"column":1}},"line":18}},"branchMap":{"0":{"loc":{"start":{"line":15,"column":2},"end":{"line":15,"column":31}},"type":"default-arg","locations":[{"start":{"line":15,"column":16},"end":{"line":15,"column":31}}],"line":15},"1":{"loc":{"start":{"line":19,"column":2},"end":{"line":21,"column":3}},"type":"if","locations":[{"start":{"line":19,"column":2},"end":{"line":21,"column":3}},{"start":{},"end":{}}],"line":19},"2":{"loc":{"start":{"line":19,"column":6},"end":{"line":19,"column":40}},"type":"binary-expr","locations":[{"start":{"line":19,"column":6},"end":{"line":19,"column":21}},{"start":{"line":19,"column":25},"end":{"line":19,"column":40}}],"line":19},"3":{"loc":{"start":{"line":29,"column":6},"end":{"line":31,"column":7}},"type":"if","locations":[{"start":{"line":29,"column":6},"end":{"line":31,"column":7}},{"start":{},"end":{}}],"line":29},"4":{"loc":{"start":{"line":32,"column":6},"end":{"line":35,"column":7}},"type":"if","locations":[{"start":{"line":32,"column":6},"end":{"line":35,"column":7}},{"start":{},"end":{}}],"line":32}},"s":{"0":3,"1":3,"2":6,"3":11,"4":3,"5":6,"6":2,"7":4,"8":4,"9":4,"10":4,"11":4,"12":6,"13":6,"14":10,"15":1,"16":9,"17":7,"18":7,"19":9,"20":3},"f":{"0":6,"1":11,"2":6},"b":{"0":[5],"1":[2,4],"2":[6,5],"3":[1,9],"4":[7,2]},"_coverageSchema":"1a1c01bbd47fc00a2c39e90264f33305004495a9","hash":"4b78d9adcf3cf003e4d613e9877c7d35dd3fc01e"}
}
