TN:
SF:components/Game/GameOver.tsx
FN:11,(anonymous_0)
FNF:1
FNH:1
FNDA:2,(anonymous_0)
DA:11,1
DA:12,2
DA:24,1
LF:3
LH:3
BRDA:13,0,0,1
BRDA:13,0,1,1
BRF:2
BRH:2
end_of_record
TN:
SF:components/Grid/Cell.tsx
FN:35,(anonymous_0)
FN:38,(anonymous_1)
FN:43,(anonymous_2)
FN:55,(anonymous_3)
FN:58,(anonymous_4)
FN:60,(anonymous_5)
FN:102,(anonymous_6)
FN:150,(anonymous_7)
FN:177,(anonymous_8)
FNF:9
FNH:9
FNDA:39,(anonymous_0)
FNDA:8,(anonymous_1)
FNDA:16,(anonymous_2)
FNDA:183,(anonymous_3)
FNDA:3,(anonymous_4)
FNDA:26,(anonymous_5)
FNDA:183,(anonymous_6)
FNDA:196,(anonymous_7)
FNDA:165,(anonymous_8)
DA:35,2
DA:36,39
DA:38,2
DA:43,16
DA:46,8
DA:54,2
DA:56,183
DA:58,183
DA:60,183
DA:64,26
DA:66,26
DA:67,6
DA:71,183
DA:82,183
DA:88,2
DA:102,2
DA:103,183
DA:109,183
DA:111,20
DA:117,12
DA:119,3
DA:125,3
DA:131,145
DA:139,2
DA:151,196
DA:157,2
DA:158,2
DA:174,2
DA:177,165
DA:183,2
DA:190,2
DA:194,2
DA:203,2
LF:33
LH:33
BRDA:47,0,0,8
BRDA:47,0,1,7
BRDA:47,0,2,3
BRDA:47,0,3,2
BRDA:66,1,0,6
BRDA:66,1,1,20
BRDA:109,2,0,20
BRDA:109,2,1,12
BRDA:109,2,2,3
BRDA:109,2,3,3
BRDA:109,2,4,145
BRDA:150,3,0,165
BRDA:151,4,0,13
BRDA:151,4,1,183
BRDA:177,5,0,165
BRDA:177,5,1,20
BRF:16
BRH:16
end_of_record
TN:
SF:components/Grid/Grid.tsx
FN:31,(anonymous_0)
FN:33,(anonymous_1)
FN:34,(anonymous_2)
FN:50,(anonymous_3)
FNF:4
FNH:4
FNDA:1,(anonymous_0)
FNDA:12,(anonymous_1)
FNDA:144,(anonymous_2)
FNDA:1,(anonymous_3)
DA:31,1
DA:32,1
DA:34,12
DA:36,144
DA:48,1
DA:50,1
LF:6
LH:6
BRF:0
BRH:0
end_of_record
TN:
SF:components/Scoreboard/Counter.tsx
FN:11,(anonymous_0)
FNF:1
FNH:1
FNDA:5,(anonymous_0)
DA:11,2
DA:12,5
DA:16,2
DA:18,2
LF:4
LH:4
BRF:0
BRH:0
end_of_record
TN:
SF:components/Scoreboard/Level.tsx
FN:20,(anonymous_0)
FN:22,(anonymous_1)
FNF:2
FNH:2
FNDA:4,(anonymous_0)
FNDA:12,(anonymous_1)
DA:19,2
DA:21,4
DA:23,12
DA:32,2
DA:34,2
DA:43,2
LF:6
LH:6
BRF:0
BRH:0
end_of_record
TN:
SF:components/Scoreboard/Reset.tsx
FN:13,(anonymous_0)
FNF:1
FNH:1
FNDA:11,(anonymous_0)
DA:13,2
DA:14,11
DA:16,11
DA:29,2
DA:31,2
LF:5
LH:5
BRDA:23,0,0,2
BRDA:23,0,1,9
BRF:2
BRH:2
end_of_record
TN:
SF:components/Scoreboard/Scoreboard.tsx
FN:35,(anonymous_0)
FNF:1
FNH:1
FNDA:2,(anonymous_0)
DA:35,1
DA:43,2
DA:55,1
LF:3
LH:3
BRF:0
BRH:0
end_of_record
TN:
SF:components/Top/GameName.tsx
FNF:0
FNH:0
DA:10,2
LF:1
LH:1
BRF:0
BRH:0
end_of_record
TN:
SF:components/Top/Legend.tsx
FN:19,(anonymous_0)
FNF:1
FNH:1
FNDA:2,(anonymous_0)
DA:19,2
DA:24,2
DA:33,2
DA:37,2
DA:43,2
DA:47,2
LF:6
LH:6
BRDA:28,0,0,2
BRDA:28,0,1,2
BRF:2
BRH:2
end_of_record
TN:
SF:components/Top/Top.tsx
FN:10,(anonymous_0)
FN:17,(anonymous_1)
FNF:2
FNH:1
FNDA:1,(anonymous_0)
FNDA:0,(anonymous_1)
DA:9,1
DA:11,1
DA:17,0
DA:21,1
DA:23,1
LF:5
LH:4
BRF:0
BRH:0
end_of_record
TN:
SF:components/hooks/useMouseDown.ts
FN:6,(anonymous_0)
FN:14,(anonymous_1)
FN:19,(anonymous_2)
FNF:3
FNH:3
FNDA:4,(anonymous_0)
FNDA:2,(anonymous_1)
FNDA:1,(anonymous_2)
DA:6,1
DA:11,4
DA:13,4
DA:14,2
DA:18,4
DA:19,1
DA:24,4
LF:7
LH:7
BRF:0
BRH:0
end_of_record
TN:
SF:core/CellsManipulator.ts
FN:8,(anonymous_0)
FN:28,(anonymous_1)
FN:37,(anonymous_2)
FNF:3
FNH:3
FNDA:51,(anonymous_0)
FNDA:399,(anonymous_1)
FNDA:40,(anonymous_2)
DA:8,5
DA:11,51
DA:28,5
DA:29,399
DA:37,5
DA:38,40
DA:40,40
DA:41,320
DA:42,223
DA:43,223
DA:44,190
DA:49,40
LF:12
LH:12
BRDA:29,0,0,399
BRDA:29,0,1,362
BRDA:29,0,2,334
BRDA:29,0,3,306
BRDA:41,1,0,223
BRDA:41,1,1,97
BRDA:43,2,0,190
BRDA:43,2,1,33
BRF:8
BRH:8
end_of_record
TN:
SF:core/Field.ts
FN:28,(anonymous_0)
FN:31,(anonymous_1)
FN:52,(anonymous_2)
FNF:3
FNH:3
FNDA:9,(anonymous_0)
FNDA:34,(anonymous_1)
FNDA:8,(anonymous_2)
DA:7,5
DA:28,5
DA:31,34
DA:52,5
DA:53,8
DA:54,2
DA:57,6
DA:58,6
DA:60,6
DA:63,6
DA:64,26
DA:66,210
DA:67,32
DA:68,32
DA:69,32
DA:71,210
DA:74,6
LF:17
LH:17
BRDA:30,0,0,8
BRDA:53,1,0,2
BRDA:53,1,1,6
BRDA:53,2,0,8
BRDA:53,2,1,7
BRDA:66,3,0,32
BRDA:66,3,1,178
BRF:7
BRH:7
end_of_record
TN:
SF:core/detectSolvedPullze.ts
FN:9,(anonymous_0)
FNF:1
FNH:1
FNDA:77,(anonymous_0)
DA:9,3
DA:13,77
DA:15,77
DA:16,77
DA:17,77
DA:18,77
DA:20,77
DA:21,325
DA:22,1445
DA:23,1445
DA:24,1445
DA:26,1445
DA:27,692
DA:30,1445
DA:31,33
DA:34,1445
DA:35,226
DA:37,226
DA:38,18
DA:45,77
DA:49,77
LF:21
LH:21
BRDA:26,0,0,692
BRDA:26,0,1,753
BRDA:30,1,0,33
BRDA:30,1,1,1412
BRDA:34,2,0,226
BRDA:34,2,1,1219
BRDA:37,3,0,18
BRDA:37,3,1,208
BRDA:45,4,0,77
BRDA:45,4,1,6
BRDA:45,4,2,5
BRF:11
BRH:11
end_of_record
TN:
SF:core/openCell.ts
FN:12,(anonymous_0)
FNF:1
FNH:1
FNDA:61,(anonymous_0)
DA:12,1
DA:17,61
DA:19,61
DA:20,61
DA:21,61
DA:23,61
DA:24,1
DA:27,60
DA:28,1
DA:31,59
DA:33,59
DA:34,9
DA:36,9
DA:37,72
DA:38,53
DA:43,59
DA:45,59
LF:17
LH:17
BRDA:23,0,0,1
BRDA:23,0,1,60
BRDA:27,1,0,1
BRDA:27,1,1,59
BRDA:33,2,0,9
BRDA:33,2,1,50
BRDA:33,3,0,59
BRDA:33,3,1,20
BRDA:37,4,0,53
BRDA:37,4,1,19
BRF:10
BRH:10
end_of_record
TN:
SF:core/setFlag.ts
FN:13,(anonymous_0)
FNF:1
FNH:1
FNDA:11,(anonymous_0)
DA:13,1
DA:20,11
DA:21,11
DA:23,11
DA:25,11
DA:27,3
DA:28,3
DA:30,2
DA:31,2
DA:33,5
DA:34,3
DA:36,5
DA:39,11
DA:41,11
LF:14
LH:14
BRDA:25,0,0,3
BRDA:25,0,1,2
BRDA:25,0,2,5
BRDA:33,1,0,3
BRDA:33,1,1,2
BRF:5
BRH:5
end_of_record
TN:
SF:modules/GameWithHooks/GameWithHooks.tsx
FN:12,(anonymous_0)
FN:30,(anonymous_1)
FNF:2
FNH:2
FNDA:9,(anonymous_0)
FNDA:1,(anonymous_1)
DA:12,2
DA:25,9
DA:27,9
DA:29,9
DA:31,1
DA:36,9
LF:6
LH:6
BRDA:50,0,0,9
BRDA:50,0,1,6
BRF:2
BRH:2
end_of_record
TN:
SF:modules/GameWithHooks/useGame.ts
FN:35,(anonymous_0)
FN:64,(anonymous_1)
FN:85,(anonymous_2)
FN:105,(anonymous_3)
FN:123,(anonymous_4)
FN:132,(anonymous_5)
FNF:6
FNH:6
FNDA:239,(anonymous_0)
FNDA:153,(anonymous_1)
FNDA:39,(anonymous_2)
FNDA:9,(anonymous_3)
FNDA:5,(anonymous_4)
FNDA:4,(anonymous_5)
DA:35,3
DA:40,239
DA:42,239
DA:46,239
DA:50,239
DA:60,239
DA:61,239
DA:63,239
DA:65,153
DA:66,153
DA:67,153
DA:72,152
DA:73,1
DA:75,152
DA:77,1
DA:78,1
DA:84,239
DA:86,39
DA:87,39
DA:94,39
DA:95,39
DA:96,1
DA:98,39
DA:104,239
DA:106,9
DA:107,9
DA:112,9
DA:113,9
DA:114,9
DA:115,9
DA:116,9
DA:122,239
DA:124,5
DA:125,5
DA:131,239
DA:132,4
DA:137,239
LF:37
LH:37
BRDA:65,0,0,153
BRDA:65,0,1,153
BRDA:72,1,0,1
BRDA:72,1,1,151
BRDA:86,2,0,39
BRDA:86,2,1,27
BRDA:95,3,0,1
BRDA:95,3,1,38
BRF:8
BRH:8
end_of_record
TN:
SF:modules/GameWithHooks/useSettings.ts
FN:11,(anonymous_0)
FN:20,(anonymous_1)
FNF:2
FNH:2
FNDA:242,(anonymous_0)
FNDA:6,(anonymous_1)
DA:11,4
DA:14,242
DA:15,242
DA:17,242
DA:21,6
DA:22,6
LF:6
LH:6
BRDA:12,0,0,242
BRF:1
BRH:1
end_of_record
TN:
SF:modules/GameWithHooks/useStatus.ts
FN:20,(anonymous_0)
FN:27,(anonymous_1)
FN:33,(anonymous_2)
FN:37,(anonymous_3)
FN:41,(anonymous_4)
FN:45,(anonymous_5)
FNF:6
FNH:6
FNDA:252,(anonymous_0)
FNDA:200,(anonymous_1)
FNDA:11,(anonymous_2)
FNDA:182,(anonymous_3)
FNDA:4,(anonymous_4)
FNDA:3,(anonymous_5)
DA:20,4
DA:21,252
DA:23,252
DA:24,252
DA:25,252
DA:27,252
DA:28,200
DA:29,200
DA:30,200
DA:33,252
DA:34,11
DA:37,252
DA:38,182
DA:41,252
DA:42,4
DA:45,252
DA:46,3
DA:49,252
LF:18
LH:18
BRF:0
BRH:0
end_of_record
TN:
SF:modules/GameWithHooks/useTime.ts
FN:3,(anonymous_0)
FN:10,(anonymous_1)
FN:15,(anonymous_2)
FN:19,(anonymous_3)
FN:28,(anonymous_4)
FNF:5
FNH:5
FNDA:255,(anonymous_0)
FNDA:10,(anonymous_1)
FNDA:78,(anonymous_2)
FNDA:30,(anonymous_3)
FNDA:78,(anonymous_4)
DA:3,4
DA:7,255
DA:9,255
DA:10,10
DA:15,255
DA:18,78
DA:19,51
DA:20,30
DA:23,51
DA:24,3
DA:28,78
DA:29,78
DA:33,255
LF:13
LH:13
BRDA:18,0,0,51
BRDA:18,0,1,27
BRDA:23,1,0,3
BRDA:23,1,1,48
BRF:4
BRH:4
end_of_record
TN:
SF:src/components/Game/GameArea.tsx
FN:4,(anonymous_0)
FNF:1
FNH:1
FNDA:18,(anonymous_0)
DA:4,18
DA:6,4
LF:2
LH:2
BRF:0
BRH:0
end_of_record
TN:
SF:src/components/Game/GameOver.tsx
FN:11,(anonymous_0)
FNF:1
FNH:1
FNDA:14,(anonymous_0)
DA:11,5
DA:12,14
DA:24,5
LF:3
LH:3
BRDA:13,0,0,1
BRDA:13,0,1,13
BRF:2
BRH:2
end_of_record
TN:
SF:src/components/Game/Wrapper.tsx
FN:4,(anonymous_0)
FNF:1
FNH:1
FNDA:18,(anonymous_0)
DA:4,18
DA:6,4
LF:2
LH:2
BRF:0
BRH:0
end_of_record
TN:
SF:src/components/Game/index.ts
FNF:0
FNH:0
LF:0
LH:0
BRF:0
BRH:0
end_of_record
TN:
SF:src/components/Grid/Cell.tsx
FN:35,(anonymous_0)
FN:38,(anonymous_1)
FN:43,(anonymous_2)
FN:55,(anonymous_3)
FN:58,(anonymous_4)
FN:60,(anonymous_5)
FN:102,(anonymous_6)
FN:150,(anonymous_7)
FN:177,(anonymous_8)
FNF:9
FNH:9
FNDA:45,(anonymous_0)
FNDA:328,(anonymous_1)
FNDA:656,(anonymous_2)
FNDA:573,(anonymous_3)
FNDA:5,(anonymous_4)
FNDA:32,(anonymous_5)
FNDA:573,(anonymous_6)
FNDA:586,(anonymous_7)
FNDA:165,(anonymous_8)
DA:35,6
DA:36,45
DA:38,6
DA:43,656
DA:46,328
DA:54,6
DA:56,573
DA:58,573
DA:60,573
DA:64,32
DA:66,32
DA:67,12
DA:71,573
DA:82,573
DA:88,6
DA:102,6
DA:103,573
DA:109,573
DA:111,20
DA:117,398
DA:119,7
DA:125,3
DA:131,145
DA:139,6
DA:151,586
DA:157,6
DA:158,6
DA:174,6
DA:177,165
DA:183,6
DA:190,6
DA:194,6
DA:203,6
LF:33
LH:33
BRDA:47,0,0,328
BRDA:47,0,1,327
BRDA:47,0,2,323
BRDA:47,0,3,162
BRDA:66,1,0,12
BRDA:66,1,1,20
BRDA:109,2,0,20
BRDA:109,2,1,398
BRDA:109,2,2,7
BRDA:109,2,3,3
BRDA:109,2,4,145
BRDA:150,3,0,165
BRDA:151,4,0,21
BRDA:151,4,1,565
BRDA:177,5,0,165
BRDA:177,5,1,20
BRF:16
BRH:16
end_of_record
TN:
SF:src/components/Grid/Grid.tsx
FN:31,(anonymous_0)
FN:33,(anonymous_1)
FN:34,(anonymous_2)
FN:50,(anonymous_3)
FNF:4
FNH:4
FNDA:19,(anonymous_0)
FNDA:90,(anonymous_1)
FNDA:678,(anonymous_2)
FNDA:19,(anonymous_3)
DA:31,5
DA:32,19
DA:34,90
DA:36,678
DA:48,5
DA:50,19
LF:6
LH:6
BRF:0
BRH:0
end_of_record
TN:
SF:src/components/Grid/index.ts
FNF:0
FNH:0
LF:0
LH:0
BRF:0
BRH:0
end_of_record
TN:
SF:src/components/Scoreboard/Counter.tsx
FN:11,(anonymous_0)
FNF:1
FNH:1
FNDA:37,(anonymous_0)
DA:11,6
DA:12,37
DA:16,6
DA:18,6
LF:4
LH:4
BRF:0
BRH:0
end_of_record
TN:
SF:src/components/Scoreboard/Level.tsx
FN:20,(anonymous_0)
FN:22,(anonymous_1)
FNF:2
FNH:2
FNDA:18,(anonymous_0)
FNDA:68,(anonymous_1)
DA:19,6
DA:21,18
DA:23,68
DA:32,6
DA:34,6
DA:43,6
LF:6
LH:6
BRF:0
BRH:0
end_of_record
TN:
SF:src/components/Scoreboard/Reset.tsx
FN:13,(anonymous_0)
FNF:1
FNH:1
FNDA:29,(anonymous_0)
DA:13,6
DA:14,29
DA:16,29
DA:29,6
DA:31,6
LF:5
LH:5
BRDA:23,0,0,4
BRDA:23,0,1,25
BRF:2
BRH:2
end_of_record
TN:
SF:src/components/Scoreboard/Scoreboard.tsx
FN:35,(anonymous_0)
FNF:1
FNH:1
FNDA:20,(anonymous_0)
DA:35,5
DA:43,20
DA:55,5
LF:3
LH:3
BRF:0
BRH:0
end_of_record
TN:
SF:src/components/Scoreboard/index.ts
FNF:0
FNH:0
LF:0
LH:0
BRF:0
BRH:0
end_of_record
TN:
SF:src/components/Top/GameName.tsx
FNF:0
FNH:0
DA:10,6
LF:1
LH:1
BRF:0
BRH:0
end_of_record
TN:
SF:src/components/Top/Legend.tsx
FN:19,(anonymous_0)
FNF:1
FNH:1
FNDA:16,(anonymous_0)
DA:19,6
DA:24,16
DA:33,6
DA:37,6
DA:43,6
DA:47,6
LF:6
LH:6
BRDA:28,0,0,16
BRDA:28,0,1,2
BRF:2
BRH:2
end_of_record
TN:
SF:src/components/Top/Top.tsx
FN:10,(anonymous_0)
FN:17,(anonymous_1)
FNF:2
FNH:2
FNDA:15,(anonymous_0)
FNDA:4,(anonymous_1)
DA:9,5
DA:11,15
DA:17,4
DA:21,5
DA:23,5
LF:5
LH:5
BRF:0
BRH:0
end_of_record
TN:
SF:src/components/Top/index.tsx
FNF:0
FNH:0
LF:0
LH:0
BRF:0
BRH:0
end_of_record
TN:
SF:src/components/hooks/useMouseDown.ts
FN:6,(anonymous_0)
FN:14,(anonymous_1)
FN:19,(anonymous_2)
FNF:3
FNH:3
FNDA:800,(anonymous_0)
FNDA:16,(anonymous_1)
FNDA:15,(anonymous_2)
DA:6,13
DA:11,800
DA:13,800
DA:14,16
DA:18,800
DA:19,15
DA:24,800
LF:7
LH:7
BRF:0
BRH:0
end_of_record
TN:
SF:src/core/CellsManipulator.ts
FN:8,(anonymous_0)
FN:28,(anonymous_1)
FN:37,(anonymous_2)
FNF:3
FNH:3
FNDA:469,(anonymous_0)
FNDA:3743,(anonymous_1)
FNDA:200,(anonymous_2)
DA:8,17
DA:11,469
DA:28,17
DA:29,3743
DA:37,17
DA:38,200
DA:40,200
DA:41,1600
DA:42,1299
DA:43,1299
DA:44,1204
DA:49,200
LF:12
LH:12
BRDA:29,0,0,3743
BRDA:29,0,1,3442
BRDA:29,0,2,3195
BRDA:29,0,3,3071
BRDA:41,1,0,1299
BRDA:41,1,1,301
BRDA:43,2,0,1204
BRDA:43,2,1,95
BRF:8
BRH:8
end_of_record
TN:
SF:src/core/Field.ts
FN:28,(anonymous_0)
FN:31,(anonymous_1)
FN:52,(anonymous_2)
FNF:3
FNH:3
FNDA:41,(anonymous_0)
FNDA:322,(anonymous_1)
FNDA:24,(anonymous_2)
DA:7,15
DA:28,15
DA:31,322
DA:52,15
DA:53,24
DA:54,2
DA:57,22
DA:58,22
DA:60,22
DA:63,22
DA:64,170
DA:66,1506
DA:67,192
DA:68,192
DA:69,192
DA:71,1506
DA:74,22
LF:17
LH:17
BRDA:30,0,0,24
BRDA:53,1,0,2
BRDA:53,1,1,22
BRDA:53,2,0,24
BRDA:53,2,1,23
BRDA:66,3,0,192
BRDA:66,3,1,1314
BRF:7
BRH:7
end_of_record
TN:
SF:src/core/detectSolvedPullze.ts
FN:9,(anonymous_0)
FNF:1
FNH:1
FNDA:2057,(anonymous_0)
DA:9,9
DA:13,2057
DA:15,2057
DA:16,2057
DA:17,2057
DA:18,2057
DA:20,2057
DA:21,18375
DA:22,168199
DA:23,168199
DA:24,168199
DA:26,168199
DA:27,100068
DA:30,168199
DA:31,5465
DA:34,168199
DA:35,21350
DA:37,21350
DA:38,5287
DA:45,2057
DA:49,2057
LF:21
LH:21
BRDA:26,0,0,100068
BRDA:26,0,1,68131
BRDA:30,1,0,5465
BRDA:30,1,1,162734
BRDA:34,2,0,21350
BRDA:34,2,1,146849
BRDA:37,3,0,5287
BRDA:37,3,1,16063
BRDA:45,4,0,2057
BRDA:45,4,1,492
BRDA:45,4,2,491
BRF:11
BRH:11
end_of_record
TN:
SF:src/core/openCell.ts
FN:12,(anonymous_0)
FNF:1
FNH:1
FNDA:1965,(anonymous_0)
DA:12,7
DA:17,1965
DA:19,1965
DA:20,1965
DA:21,1965
DA:23,1965
DA:24,3
DA:27,1962
DA:28,1
DA:31,1961
DA:33,1961
DA:34,267
DA:36,267
DA:37,2136
DA:38,1651
DA:43,1961
DA:45,1961
LF:17
LH:17
BRDA:23,0,0,3
BRDA:23,0,1,1962
BRDA:27,1,0,1
BRDA:27,1,1,1961
BRDA:33,2,0,267
BRDA:33,2,1,1694
BRDA:33,3,0,1961
BRDA:33,3,1,1224
BRDA:37,4,0,1651
BRDA:37,4,1,485
BRF:10
BRH:10
end_of_record
TN:
SF:src/core/setFlag.ts
FN:13,(anonymous_0)
FNF:1
FNH:1
FNDA:89,(anonymous_0)
DA:13,7
DA:20,89
DA:21,89
DA:23,89
DA:25,89
DA:27,3
DA:28,3
DA:30,2
DA:31,2
DA:33,83
DA:34,77
DA:36,83
DA:39,89
DA:41,89
LF:14
LH:14
BRDA:25,0,0,3
BRDA:25,0,1,2
BRDA:25,0,2,83
BRDA:33,1,0,77
BRDA:33,1,1,6
BRF:5
BRH:5
end_of_record
TN:
SF:src/modules/GameSettings.ts
FNF:0
FNH:0
DA:1,10
DA:12,10
LF:2
LH:2
BRF:0
BRH:0
end_of_record
TN:
SF:src/modules/GameWithHooks/GameWithHooks.tsx
FN:12,(anonymous_0)
FN:30,(anonymous_1)
FNF:2
FNH:2
FNDA:9,(anonymous_0)
FNDA:1,(anonymous_1)
DA:12,2
DA:25,9
DA:27,9
DA:29,9
DA:31,1
DA:36,9
LF:6
LH:6
BRDA:50,0,0,9
BRDA:50,0,1,6
BRF:2
BRH:2
end_of_record
TN:
SF:src/modules/GameWithHooks/useGame.ts
FN:35,(anonymous_0)
FN:64,(anonymous_1)
FN:85,(anonymous_2)
FN:105,(anonymous_3)
FN:123,(anonymous_4)
FN:132,(anonymous_5)
FNF:6
FNH:6
FNDA:239,(anonymous_0)
FNDA:153,(anonymous_1)
FNDA:39,(anonymous_2)
FNDA:9,(anonymous_3)
FNDA:5,(anonymous_4)
FNDA:4,(anonymous_5)
DA:35,3
DA:40,239
DA:42,239
DA:46,239
DA:50,239
DA:60,239
DA:61,239
DA:63,239
DA:65,153
DA:66,153
DA:67,153
DA:72,152
DA:73,1
DA:75,152
DA:77,1
DA:78,1
DA:84,239
DA:86,39
DA:87,39
DA:94,39
DA:95,39
DA:96,1
DA:98,39
DA:104,239
DA:106,9
DA:107,9
DA:112,9
DA:113,9
DA:114,9
DA:115,9
DA:116,9
DA:122,239
DA:124,5
DA:125,5
DA:131,239
DA:132,4
DA:137,239
LF:37
LH:37
BRDA:65,0,0,153
BRDA:65,0,1,153
BRDA:72,1,0,1
BRDA:72,1,1,151
BRDA:86,2,0,39
BRDA:86,2,1,27
BRDA:95,3,0,1
BRDA:95,3,1,38
BRF:8
BRH:8
end_of_record
TN:
SF:src/modules/GameWithHooks/useSettings.ts
FN:11,(anonymous_0)
FN:20,(anonymous_1)
FNF:2
FNH:2
FNDA:242,(anonymous_0)
FNDA:6,(anonymous_1)
DA:11,4
DA:14,242
DA:15,242
DA:17,242
DA:21,6
DA:22,6
LF:6
LH:6
BRDA:12,0,0,242
BRF:1
BRH:1
end_of_record
TN:
SF:src/modules/GameWithHooks/useStatus.ts
FN:20,(anonymous_0)
FN:27,(anonymous_1)
FN:33,(anonymous_2)
FN:37,(anonymous_3)
FN:41,(anonymous_4)
FN:45,(anonymous_5)
FNF:6
FNH:6
FNDA:252,(anonymous_0)
FNDA:200,(anonymous_1)
FNDA:11,(anonymous_2)
FNDA:182,(anonymous_3)
FNDA:4,(anonymous_4)
FNDA:3,(anonymous_5)
DA:20,4
DA:21,252
DA:23,252
DA:24,252
DA:25,252
DA:27,252
DA:28,200
DA:29,200
DA:30,200
DA:33,252
DA:34,11
DA:37,252
DA:38,182
DA:41,252
DA:42,4
DA:45,252
DA:46,3
DA:49,252
LF:18
LH:18
BRF:0
BRH:0
end_of_record
TN:
SF:src/modules/GameWithHooks/useTime.ts
FN:3,(anonymous_0)
FN:10,(anonymous_1)
FN:15,(anonymous_2)
FN:19,(anonymous_3)
FN:28,(anonymous_4)
FNF:5
FNH:5
FNDA:255,(anonymous_0)
FNDA:10,(anonymous_1)
FNDA:78,(anonymous_2)
FNDA:30,(anonymous_3)
FNDA:78,(anonymous_4)
DA:3,4
DA:7,255
DA:9,255
DA:10,10
DA:15,255
DA:18,78
DA:19,51
DA:20,30
DA:23,51
DA:24,3
DA:28,78
DA:29,78
DA:33,255
LF:13
LH:13
BRDA:18,0,0,51
BRDA:18,0,1,27
BRDA:23,1,0,3
BRDA:23,1,1,48
BRF:4
BRH:4
end_of_record
