TN:
SF:src/components/Grid/Cell.tsx
FN:27,(anonymous_0)
FN:30,(anonymous_1)
FN:36,(anonymous_2)
FN:47,(anonymous_3)
FN:50,(anonymous_4)
FN:52,(anonymous_5)
FN:92,(anonymous_6)
FN:140,(anonymous_7)
FN:167,(anonymous_8)
FNF:9
FNH:9
FNDA:39,(anonymous_0)
FNDA:8,(anonymous_1)
FNDA:16,(anonymous_2)
FNDA:183,(anonymous_3)
FNDA:3,(anonymous_4)
FNDA:26,(anonymous_5)
FNDA:183,(anonymous_6)
FNDA:196,(anonymous_7)
FNDA:165,(anonymous_8)
DA:27,2
DA:28,39
DA:30,2
DA:35,8
DA:36,16
DA:39,8
DA:47,2
DA:48,183
DA:50,183
DA:52,183
DA:56,26
DA:58,26
DA:59,6
DA:63,183
DA:74,183
DA:78,2
DA:92,2
DA:93,183
DA:99,183
DA:101,20
DA:107,12
DA:109,3
DA:115,3
DA:121,145
DA:129,2
DA:141,196
DA:147,2
DA:148,2
DA:164,2
DA:167,165
DA:173,2
DA:180,2
DA:184,2
DA:193,2
LF:34
LH:34
BRDA:40,0,0,8
BRDA:40,0,1,7
BRDA:40,0,2,3
BRDA:40,0,3,2
BRDA:58,1,0,6
BRDA:58,1,1,20
BRDA:99,2,0,20
BRDA:99,2,1,12
BRDA:99,2,2,3
BRDA:99,2,3,3
BRDA:99,2,4,145
BRDA:140,3,0,165
BRDA:141,4,0,13
BRDA:141,4,1,183
BRDA:167,5,0,165
BRDA:167,5,1,20
BRF:16
BRH:16
end_of_record
TN:
SF:src/components/Grid/Grid.tsx
FN:23,(anonymous_0)
FN:25,(anonymous_1)
FN:26,(anonymous_2)
FN:42,(anonymous_3)
FNF:4
FNH:4
FNDA:1,(anonymous_0)
FNDA:12,(anonymous_1)
FNDA:144,(anonymous_2)
FNDA:1,(anonymous_3)
DA:23,1
DA:24,1
DA:26,12
DA:28,144
DA:40,1
DA:42,1
LF:6
LH:6
BRF:0
BRH:0
end_of_record
TN:
SF:src/components/Scoreboard/Counter.tsx
FN:11,(anonymous_0)
FNF:1
FNH:1
FNDA:5,(anonymous_0)
DA:11,2
DA:12,5
DA:16,2
DA:18,2
LF:4
LH:4
BRF:0
BRH:0
end_of_record
TN:
SF:src/components/Scoreboard/Level.tsx
FN:19,(anonymous_0)
FN:21,(anonymous_1)
FNF:2
FNH:2
FNDA:4,(anonymous_0)
FNDA:12,(anonymous_1)
DA:19,2
DA:20,4
DA:22,12
DA:30,2
DA:32,2
DA:41,2
LF:6
LH:6
BRF:0
BRH:0
end_of_record
TN:
SF:src/components/Scoreboard/Reset.tsx
FN:12,(anonymous_0)
FNF:1
FNH:1
FNDA:11,(anonymous_0)
DA:12,2
DA:13,11
DA:15,11
DA:28,2
DA:30,2
LF:5
LH:5
BRDA:22,0,0,2
BRDA:22,0,1,9
BRF:2
BRH:2
end_of_record
TN:
SF:src/components/Scoreboard/Scoreboard.tsx
FN:35,(anonymous_0)
FNF:1
FNH:1
FNDA:2,(anonymous_0)
DA:35,1
DA:43,2
DA:55,1
LF:3
LH:3
BRF:0
BRH:0
end_of_record
TN:
SF:src/components/Top/GameName.tsx
FNF:0
FNH:0
DA:10,2
LF:1
LH:1
BRF:0
BRH:0
end_of_record
TN:
SF:src/components/Top/Legend.tsx
FN:19,(anonymous_0)
FNF:1
FNH:1
FNDA:2,(anonymous_0)
DA:19,2
DA:24,2
DA:32,2
DA:36,2
DA:40,2
DA:46,2
LF:6
LH:6
BRF:0
BRH:0
end_of_record
TN:
SF:src/components/Top/Top.tsx
FN:8,(anonymous_0)
FNF:1
FNH:1
FNDA:1,(anonymous_0)
DA:8,1
DA:9,1
DA:15,1
LF:3
LH:3
BRF:0
BRH:0
end_of_record
TN:
SF:src/components/hooks/useMouseDown.tsx
FN:6,(anonymous_0)
FN:14,(anonymous_1)
FN:19,(anonymous_2)
FNF:3
FNH:3
FNDA:198,(anonymous_0)
FNDA:4,(anonymous_1)
FNDA:3,(anonymous_2)
DA:6,5
DA:11,198
DA:13,198
DA:14,4
DA:18,198
DA:19,3
DA:24,198
LF:7
LH:7
BRF:0
BRH:0
end_of_record
TN:
SF:src/helpers/CellsManipulation.ts
FN:8,(anonymous_0)
FN:28,(anonymous_1)
FN:37,(anonymous_2)
FNF:3
FNH:3
FNDA:42,(anonymous_0)
FNDA:327,(anonymous_1)
FNDA:40,(anonymous_2)
DA:8,4
DA:11,42
DA:28,4
DA:29,327
DA:37,4
DA:38,40
DA:40,40
DA:41,320
DA:42,235
DA:43,235
DA:44,197
DA:49,40
LF:12
LH:12
BRDA:29,0,0,327
BRDA:29,0,1,296
BRDA:29,0,2,271
BRDA:29,0,3,253
BRDA:41,1,0,235
BRDA:41,1,1,85
BRDA:43,2,0,197
BRDA:43,2,1,38
BRF:8
BRH:8
end_of_record
TN:
SF:src/helpers/Field.ts
FN:28,(anonymous_0)
FN:31,(anonymous_1)
FN:52,(anonymous_2)
FNF:3
FNH:3
FNDA:9,(anonymous_0)
FNDA:34,(anonymous_1)
FNDA:8,(anonymous_2)
DA:7,4
DA:28,4
DA:31,34
DA:52,4
DA:53,8
DA:54,2
DA:57,6
DA:58,6
DA:60,6
DA:63,6
DA:64,26
DA:66,210
DA:67,32
DA:68,32
DA:69,32
DA:71,210
DA:74,6
LF:17
LH:17
BRDA:30,0,0,8
BRDA:53,1,0,2
BRDA:53,1,1,6
BRDA:53,2,0,8
BRDA:53,2,1,7
BRDA:66,3,0,32
BRDA:66,3,1,178
BRF:7
BRH:7
end_of_record
